2025-06-29 18:34:35,128 - INFO - Processing file: EP100A.txt
2025-06-29 18:34:35,129 - INFO - Processing file: EP100B.txt
2025-06-29 18:34:35,130 - INFO - Processing file: EP100C.txt
2025-06-29 18:34:35,130 - INFO - Processing file: EP110B.txt
2025-06-29 18:34:35,131 - INFO - Processing file: EP110C.txt
2025-06-29 18:34:35,131 - INFO - Processing file: EP110E.txt
2025-06-29 18:34:35,132 - INFO - Processing file: EP110F.txt
2025-06-29 18:34:35,136 - INFO - Processing file: EP111C.txt
2025-06-29 18:34:35,137 - INFO - Processing file: EP111E.txt
2025-06-29 18:34:35,138 - INFO - Processing file: EP120F.txt
2025-06-29 18:34:35,139 - INFO - Processing file: EP705.txt
2025-06-29 18:34:35,140 - INFO - Processing file: EP706.txt
2025-06-29 18:34:35,142 - INFO - Processing file: EP707.txt
2025-06-29 18:34:35,143 - INFO - Processing file: EP710.txt
2025-06-29 18:34:35,144 - INFO - Processing file: EP715.txt
2025-06-29 18:34:35,146 - INFO - Processing file: EP716.txt
2025-06-29 18:34:35,147 - INFO - Processing file: EP717.txt
2025-06-29 18:34:35,147 - INFO - Processing file: EP720.txt
2025-06-29 18:34:35,148 - INFO - Processing file: EP725.txt
2025-06-29 18:34:35,148 - INFO - Processing file: EP726.txt
2025-06-29 18:34:35,149 - INFO - Processing file: EP727.txt
2025-06-29 18:34:35,149 - INFO - Processing file: EP730.txt
2025-06-29 18:34:35,150 - INFO - Processing file: EP732.txt
2025-06-29 18:34:35,150 - INFO - Processing file: EP735.txt
2025-06-29 18:34:35,150 - INFO - Processing file: EP736.txt
2025-06-29 18:34:35,151 - INFO - Processing file: EP737.txt
2025-06-29 18:34:35,151 - INFO - Processing file: EP738.txt
2025-06-29 18:34:35,151 - INFO - Processing file: EP739.txt
2025-06-29 18:34:35,152 - INFO - Processing file: EP740.txt
2025-06-29 18:34:35,152 - INFO - Processing file: EP750.txt
2025-06-29 18:34:35,153 - INFO - Processing file: EP752.txt
2025-06-29 18:34:35,153 - INFO - Processing file: EP755.txt
2025-06-29 18:34:35,153 - INFO - Processing file: EP756.txt
2025-06-29 18:34:35,154 - INFO - Processing file: EP757.txt
2025-06-29 18:34:35,156 - INFO - Processing file: EP758.txt
2025-06-29 18:34:35,160 - INFO - Processing file: EP759.txt
2025-06-29 18:34:35,160 - INFO - Processing file: EP790.txt
2025-06-29 18:34:35,161 - INFO - Processing file: EP791.txt
2025-06-29 18:34:35,161 - INFO - Processing file: EP792.txt
