2026-01-05 21:30:49,821 INFO Running settlement-only read to verify parsing of MC_SETT_PATH (no LOE/Outgoing re-read)
2026-01-05 21:30:49,866 INFO Read MC settlement as TSV: E:\Automation - Copy\Card_recon\original reports\MC TEST.txt (shape=(1310, 1))
2026-01-05 21:31:05,520 INFO Wrote MC_Acquiring.txt
2026-01-05 21:31:05,524 INFO Wrote MC_Issuing.txt
2026-01-05 21:31:05,527 INFO Wrote MC_Issuing.txt
2026-01-05 21:31:05,531 INFO Wrote MC_Issuing.txt
2026-01-05 21:31:05,566 INFO Wrote MC_Issuing.txt
2026-01-05 21:31:05,569 INFO Wrote MC_Issuing.txt
2026-01-05 21:31:05,575 INFO Wrote MC_Issuing.txt
2026-01-05 21:31:05,583 INFO Wrote MC_Issuing.txt
2026-01-05 21:31:05,590 INFO Wrote MC_Issuing.txt
2026-01-05 21:31:05,593 INFO Wrote MC_Issuing.txt
2026-01-05 21:31:05,597 INFO Wrote MC_Issuing.txt
2026-01-05 21:31:05,604 INFO Wrote MC_Issuing.txt
2026-01-05 21:31:05,608 INFO Wrote MC_Issuing.txt
2026-01-05 21:31:05,610 INFO Wrote MC_Issuing.txt
2026-01-05 21:31:05,614 INFO Wrote MC_Issuing.txt
2026-01-05 21:31:05,618 INFO Wrote MC_Issuing.txt
2026-01-05 21:31:05,622 INFO Wrote MC_Issuing.txt
2026-01-05 21:31:05,627 INFO Wrote MC_Issuing.txt
2026-01-05 21:31:05,633 INFO Wrote MC_Issuing.txt
2026-01-05 21:31:05,636 INFO Wrote MC_Issuing.txt
2026-01-05 21:31:05,639 INFO Wrote MC_Issuing.txt
2026-01-05 21:31:33,185 INFO Wrote MC_Acquiring.txt
2026-01-05 21:31:33,190 INFO Wrote MC_Issuing.txt
2026-01-05 21:31:33,195 INFO Wrote MC_Issuing.txt
2026-01-05 21:31:33,199 INFO Wrote MC_Issuing.txt
2026-01-05 21:31:33,207 INFO Wrote MC_Issuing.txt
2026-01-05 21:31:33,212 INFO Wrote MC_Issuing.txt
2026-01-05 21:31:33,218 INFO Wrote MC_Issuing.txt
2026-01-05 21:31:33,224 INFO Wrote MC_Issuing.txt
2026-01-05 21:31:33,228 INFO Wrote MC_Issuing.txt
2026-01-05 21:31:33,232 INFO Wrote MC_Issuing.txt
2026-01-05 21:31:33,235 INFO Wrote MC_Issuing.txt
2026-01-05 21:31:33,240 INFO Wrote MC_Issuing.txt
2026-01-05 21:31:33,247 INFO Wrote MC_Issuing.txt
2026-01-05 21:31:33,252 INFO Wrote MC_Issuing.txt
2026-01-05 21:31:33,257 INFO Wrote MC_Issuing.txt
2026-01-05 21:31:33,260 INFO Wrote MC_Issuing.txt
2026-01-05 21:31:33,263 INFO Wrote MC_Issuing.txt
2026-01-05 21:31:33,267 INFO Wrote MC_Issuing.txt
2026-01-05 21:31:33,270 INFO Wrote MC_Issuing.txt
2026-01-05 21:31:33,275 INFO Wrote MC_Issuing.txt
2026-01-05 21:31:33,280 INFO Wrote MC_Issuing.txt
2026-01-05 21:32:31,175 INFO Wrote MC_Acquiring.txt
2026-01-05 21:32:31,179 INFO Wrote MC_Issuing.txt
2026-01-05 21:32:31,191 INFO Wrote MC_Issuing.txt
2026-01-05 21:32:31,196 INFO Wrote MC_Issuing.txt
2026-01-05 21:32:31,202 INFO Wrote MC_Issuing.txt
2026-01-05 21:32:31,208 INFO Wrote MC_Issuing.txt
2026-01-05 21:32:31,212 INFO Wrote MC_Issuing.txt
2026-01-05 21:32:31,218 INFO Wrote MC_Issuing.txt
2026-01-05 21:32:31,223 INFO Wrote MC_Issuing.txt
2026-01-05 21:32:31,226 INFO Wrote MC_Issuing.txt
2026-01-05 21:32:31,229 INFO Wrote MC_Issuing.txt
2026-01-05 21:32:31,233 INFO Wrote MC_Issuing.txt
2026-01-05 21:32:31,236 INFO Wrote MC_Issuing.txt
2026-01-05 21:32:31,243 INFO Wrote MC_Issuing.txt
2026-01-05 21:32:31,248 INFO Wrote MC_Issuing.txt
2026-01-05 21:32:31,251 INFO Wrote MC_Issuing.txt
2026-01-05 21:32:31,256 INFO Wrote MC_Issuing.txt
2026-01-05 21:32:31,260 INFO Wrote MC_Issuing.txt
2026-01-05 21:32:31,264 INFO Wrote MC_Issuing.txt
2026-01-05 21:32:31,268 INFO Wrote MC_Issuing.txt
2026-01-05 21:32:31,273 INFO Wrote MC_Issuing.txt
2026-01-05 21:35:17,535 INFO Wrote MC_Acquiring.txt
2026-01-05 21:35:17,538 INFO Wrote MC_Issuing.txt
2026-01-05 21:35:17,543 INFO Wrote MC_Issuing.txt
2026-01-05 21:35:17,549 INFO Wrote MC_Issuing.txt
2026-01-05 21:35:17,554 INFO Wrote MC_Issuing.txt
2026-01-05 21:35:17,558 INFO Wrote MC_Issuing.txt
2026-01-05 21:35:17,562 INFO Wrote MC_Issuing.txt
2026-01-05 21:35:17,566 INFO Wrote MC_Issuing.txt
2026-01-05 21:35:17,570 INFO Wrote MC_Issuing.txt
2026-01-05 21:35:17,574 INFO Wrote MC_Issuing.txt
2026-01-05 21:35:17,578 INFO Wrote MC_Issuing.txt
2026-01-05 21:35:17,585 INFO Wrote MC_Issuing.txt
2026-01-05 21:35:17,592 INFO Wrote MC_Issuing.txt
2026-01-05 21:35:17,597 INFO Wrote MC_Issuing.txt
2026-01-05 21:35:17,606 INFO Wrote MC_Issuing.txt
2026-01-05 21:35:17,610 INFO Wrote MC_Issuing.txt
2026-01-05 21:35:17,620 INFO Wrote MC_Issuing.txt
2026-01-05 21:35:17,632 INFO Wrote MC_Issuing.txt
2026-01-05 21:35:17,637 INFO Wrote MC_Issuing.txt
2026-01-05 21:35:17,649 INFO Wrote MC_Issuing.txt
2026-01-05 21:35:17,654 INFO Wrote MC_Issuing.txt
2026-01-05 21:36:17,503 INFO Wrote MC_Acquiring.txt
2026-01-05 21:36:17,507 INFO Wrote MC_Issuing.txt
2026-01-05 21:36:17,512 INFO Wrote MC_Issuing.txt
2026-01-05 21:36:17,516 INFO Wrote MC_Issuing.txt
2026-01-05 21:36:17,520 INFO Wrote MC_Issuing.txt
2026-01-05 21:36:17,523 INFO Wrote MC_Issuing.txt
2026-01-05 21:36:17,527 INFO Wrote MC_Issuing.txt
2026-01-05 21:36:17,533 INFO Wrote MC_Issuing.txt
2026-01-05 21:36:17,539 INFO Wrote MC_Issuing.txt
2026-01-05 21:36:17,547 INFO Wrote MC_Issuing.txt
2026-01-05 21:36:17,555 INFO Wrote MC_Issuing.txt
2026-01-05 21:36:17,560 INFO Wrote MC_Issuing.txt
2026-01-05 21:36:17,564 INFO Wrote MC_Issuing.txt
2026-01-05 21:36:17,568 INFO Wrote MC_Issuing.txt
2026-01-05 21:36:17,573 INFO Wrote MC_Issuing.txt
2026-01-05 21:36:17,577 INFO Wrote MC_Issuing.txt
2026-01-05 21:36:17,580 INFO Wrote MC_Issuing.txt
2026-01-05 21:36:17,584 INFO Wrote MC_Issuing.txt
2026-01-05 21:36:17,588 INFO Wrote MC_Issuing.txt
2026-01-05 21:36:17,592 INFO Wrote MC_Issuing.txt
2026-01-05 21:36:17,598 INFO Wrote MC_Issuing.txt
2026-01-05 21:39:42,523 INFO Wrote MC_Acquiring.txt
2026-01-05 21:39:42,529 INFO Wrote MC_Issuing.txt
2026-01-05 21:39:42,533 INFO Wrote MC_Issuing.txt
2026-01-05 21:39:42,538 INFO Wrote MC_Issuing.txt
2026-01-05 21:39:42,542 INFO Wrote MC_Issuing.txt
2026-01-05 21:39:42,547 INFO Wrote MC_Issuing.txt
2026-01-05 21:39:42,551 INFO Wrote MC_Issuing.txt
2026-01-05 21:39:42,560 INFO Wrote MC_Issuing.txt
2026-01-05 21:39:42,567 INFO Wrote MC_Issuing.txt
2026-01-05 21:39:42,573 INFO Wrote MC_Issuing.txt
2026-01-05 21:39:42,577 INFO Wrote MC_Issuing.txt
2026-01-05 21:39:42,589 INFO Wrote MC_Issuing.txt
2026-01-05 21:39:42,593 INFO Wrote MC_Issuing.txt
2026-01-05 21:39:42,597 INFO Wrote MC_Issuing.txt
2026-01-05 21:39:42,600 INFO Wrote MC_Issuing.txt
2026-01-05 21:39:42,605 INFO Wrote MC_Issuing.txt
2026-01-05 21:39:42,609 INFO Wrote MC_Issuing.txt
2026-01-05 21:39:42,616 INFO Wrote MC_Issuing.txt
2026-01-05 21:39:42,624 INFO Wrote MC_Issuing.txt
2026-01-05 21:39:42,630 INFO Wrote MC_Issuing.txt
2026-01-05 21:39:42,639 INFO Wrote MC_Issuing.txt
2026-01-05 21:39:58,237 INFO Wrote MC_Acquiring.txt
2026-01-05 21:39:58,241 INFO Wrote MC_Issuing.txt
2026-01-05 21:39:58,249 INFO Wrote MC_Acquiring.txt
2026-01-05 21:39:58,252 INFO Wrote MC_Issuing.txt
2026-01-05 21:39:58,256 INFO Wrote MC_Acquiring.txt
2026-01-05 21:39:58,259 INFO Wrote MC_Issuing.txt
2026-01-05 21:39:58,269 INFO Wrote MC_Acquiring.txt
2026-01-05 21:39:58,273 INFO Wrote MC_Issuing.txt
2026-01-05 21:39:58,279 INFO Wrote MC_Acquiring.txt
2026-01-05 21:39:58,283 INFO Wrote MC_Issuing.txt
2026-01-05 21:39:58,292 INFO Wrote MC_Acquiring.txt
2026-01-05 21:39:58,296 INFO Wrote MC_Issuing.txt
2026-01-05 21:39:58,301 INFO Wrote MC_Acquiring.txt
2026-01-05 21:39:58,306 INFO Wrote MC_Issuing.txt
2026-01-05 21:39:58,312 INFO Wrote MC_Acquiring.txt
2026-01-05 21:39:58,316 INFO Wrote MC_Issuing.txt
2026-01-05 21:39:58,321 INFO Wrote MC_Acquiring.txt
2026-01-05 21:39:58,324 INFO Wrote MC_Issuing.txt
2026-01-05 21:39:58,330 INFO Wrote MC_Acquiring.txt
2026-01-05 21:39:58,338 INFO Wrote MC_Issuing.txt
2026-01-05 21:39:58,344 INFO Wrote MC_Acquiring.txt
2026-01-05 21:39:58,347 INFO Wrote MC_Issuing.txt
2026-01-05 21:39:58,354 INFO Wrote MC_Acquiring.txt
2026-01-05 21:39:58,357 INFO Wrote MC_Issuing.txt
2026-01-05 21:39:58,362 INFO Wrote MC_Acquiring.txt
2026-01-05 21:39:58,365 INFO Wrote MC_Issuing.txt
2026-01-05 21:39:58,374 INFO Wrote MC_Acquiring.txt
2026-01-05 21:39:58,380 INFO Wrote MC_Issuing.txt
2026-01-05 21:39:58,387 INFO Wrote MC_Acquiring.txt
2026-01-05 21:39:58,391 INFO Wrote MC_Issuing.txt
2026-01-05 21:39:58,397 INFO Wrote MC_Acquiring.txt
2026-01-05 21:39:58,400 INFO Wrote MC_Issuing.txt
2026-01-05 21:39:58,408 INFO Wrote MC_Acquiring.txt
2026-01-05 21:39:58,412 INFO Wrote MC_Issuing.txt
2026-01-05 21:39:58,419 INFO Wrote MC_Acquiring.txt
2026-01-05 21:39:58,422 INFO Wrote MC_Issuing.txt
2026-01-05 21:39:58,429 INFO Wrote MC_Acquiring.txt
2026-01-05 21:39:58,432 INFO Wrote MC_Issuing.txt
2026-01-05 21:39:58,439 INFO Wrote MC_Acquiring.txt
2026-01-05 21:39:58,443 INFO Wrote MC_Issuing.txt
2026-01-05 21:40:22,166 INFO Wrote MC_Acquiring.txt
2026-01-05 21:40:22,170 INFO Wrote MC_Acquiring.txt
2026-01-05 21:40:22,175 INFO Wrote MC_Acquiring.txt
2026-01-05 21:40:22,187 INFO Wrote MC_Acquiring.txt
2026-01-05 21:40:22,214 INFO Wrote MC_Acquiring.txt
2026-01-05 21:40:22,218 INFO Wrote MC_Acquiring.txt
2026-01-05 21:40:22,225 INFO Wrote MC_Acquiring.txt
2026-01-05 21:40:22,230 INFO Wrote MC_Acquiring.txt
2026-01-05 21:40:22,234 INFO Wrote MC_Acquiring.txt
2026-01-05 21:40:22,238 INFO Wrote MC_Acquiring.txt
2026-01-05 21:40:22,243 INFO Wrote MC_Acquiring.txt
2026-01-05 21:40:22,247 INFO Wrote MC_Acquiring.txt
2026-01-05 21:40:22,251 INFO Wrote MC_Acquiring.txt
2026-01-05 21:40:22,255 INFO Wrote MC_Acquiring.txt
2026-01-05 21:40:22,258 INFO Wrote MC_Acquiring.txt
2026-01-05 21:40:22,264 INFO Wrote MC_Acquiring.txt
2026-01-05 21:40:22,268 INFO Wrote MC_Acquiring.txt
2026-01-05 21:40:22,272 INFO Wrote MC_Acquiring.txt
2026-01-05 21:40:22,275 INFO Wrote MC_Acquiring.txt
2026-01-05 21:40:22,288 INFO Wrote MC_Acquiring.txt
2026-01-05 21:40:43,752 INFO Wrote MC_Acquiring.txt
2026-01-05 21:40:43,757 INFO Wrote MC_Acquiring.txt
2026-01-05 21:40:43,764 INFO Wrote MC_Acquiring.txt
2026-01-05 21:40:43,767 INFO Wrote MC_Acquiring.txt
2026-01-05 21:40:43,772 INFO Wrote MC_Acquiring.txt
2026-01-05 21:40:43,776 INFO Wrote MC_Acquiring.txt
2026-01-05 21:40:43,796 INFO Wrote MC_Acquiring.txt
2026-01-05 21:40:43,800 INFO Wrote MC_Acquiring.txt
2026-01-05 21:40:43,807 INFO Wrote MC_Acquiring.txt
2026-01-05 21:40:43,811 INFO Wrote MC_Acquiring.txt
2026-01-05 21:40:43,814 INFO Wrote MC_Acquiring.txt
2026-01-05 21:40:43,817 INFO Wrote MC_Acquiring.txt
2026-01-05 21:40:43,827 INFO Wrote MC_Acquiring.txt
2026-01-05 21:40:43,832 INFO Wrote MC_Acquiring.txt
2026-01-05 21:40:43,837 INFO Wrote MC_Acquiring.txt
2026-01-05 21:40:43,841 INFO Wrote MC_Acquiring.txt
2026-01-05 21:40:43,849 INFO Wrote MC_Acquiring.txt
2026-01-05 21:40:43,854 INFO Wrote MC_Acquiring.txt
2026-01-05 21:40:43,857 INFO Wrote MC_Acquiring.txt
2026-01-05 21:40:43,862 INFO Wrote MC_Acquiring.txt
2026-01-05 21:41:03,367 INFO Wrote MC_Acquiring.txt
2026-01-05 21:41:09,579 INFO Running settlement-only read to verify parsing of MC_SETT_PATH (no LOE/Outgoing re-read)
2026-01-05 21:41:09,625 INFO Read MC settlement as TSV: E:\Automation - Copy\Card_recon\original reports\MC TEST.txt (shape=(1310, 1))
2026-01-05 21:41:09,747 INFO Wrote MC_Acquiring.txt
2026-01-05 21:41:51,003 INFO Wrote MC_Acquiring.txt
2026-01-05 21:41:51,009 INFO Wrote MC_Acquiring.txt
2026-01-05 21:41:51,013 INFO Wrote MC_Acquiring.txt
2026-01-05 21:41:51,017 INFO Wrote MC_Acquiring.txt
2026-01-05 21:41:51,024 INFO Wrote MC_Acquiring.txt
2026-01-05 21:41:51,027 INFO Wrote MC_Acquiring.txt
2026-01-05 21:41:51,031 INFO Wrote MC_Acquiring.txt
2026-01-05 21:41:51,036 INFO Wrote MC_Acquiring.txt
2026-01-05 21:41:51,042 INFO Wrote MC_Acquiring.txt
2026-01-05 21:41:51,048 INFO Wrote MC_Acquiring.txt
2026-01-05 21:41:51,054 INFO Wrote MC_Acquiring.txt
2026-01-05 21:41:51,058 INFO Wrote MC_Acquiring.txt
2026-01-05 21:41:51,062 INFO Wrote MC_Acquiring.txt
2026-01-05 21:41:51,068 INFO Wrote MC_Acquiring.txt
2026-01-05 21:41:51,072 INFO Wrote MC_Acquiring.txt
2026-01-05 21:41:51,075 INFO Wrote MC_Acquiring.txt
2026-01-05 21:41:51,078 INFO Wrote MC_Acquiring.txt
2026-01-05 21:41:51,081 INFO Wrote MC_Acquiring.txt
2026-01-05 21:41:51,089 INFO Wrote MC_Acquiring.txt
2026-01-05 21:41:51,094 INFO Wrote MC_Acquiring.txt
2026-01-05 21:41:51,098 INFO Wrote MC_Acquiring.txt
2026-01-05 21:41:51,101 INFO Wrote MC_Acquiring.txt
2026-01-05 21:41:51,107 INFO Wrote MC_Acquiring.txt
2026-01-05 21:41:51,111 INFO Wrote MC_Acquiring.txt
2026-01-05 21:41:51,115 INFO Wrote MC_Acquiring.txt
2026-01-05 21:41:51,119 INFO Wrote MC_Acquiring.txt
2026-01-05 21:41:51,125 INFO Wrote MC_Acquiring.txt
2026-01-05 21:41:51,133 INFO Wrote MC_Acquiring.txt
2026-01-05 21:41:51,138 INFO Wrote MC_Acquiring.txt
2026-01-05 21:41:51,142 INFO Wrote MC_Acquiring.txt
2026-01-05 21:41:51,148 INFO Wrote MC_Acquiring.txt
2026-01-05 21:41:51,152 INFO Wrote MC_Acquiring.txt
2026-01-05 21:41:51,156 INFO Wrote MC_Acquiring.txt
2026-01-05 21:41:51,160 INFO Wrote MC_Acquiring.txt
2026-01-05 21:41:51,163 INFO Wrote MC_Acquiring.txt
2026-01-05 21:41:51,169 INFO Wrote MC_Acquiring.txt
2026-01-05 21:41:51,174 INFO Wrote MC_Acquiring.txt
2026-01-05 21:41:51,178 INFO Wrote MC_Acquiring.txt
2026-01-05 21:41:51,184 INFO Wrote MC_Acquiring.txt
2026-01-05 21:41:51,189 INFO Wrote MC_Acquiring.txt
2026-01-05 21:41:51,194 INFO Wrote MC_Acquiring.txt
2026-01-05 21:41:51,198 INFO Wrote MC_Acquiring.txt
2026-01-05 21:43:23,391 INFO Wrote MC_Acquiring.txt
2026-01-05 21:43:23,396 INFO Wrote MC_Acquiring.txt
2026-01-05 21:43:23,400 INFO Wrote MC_Acquiring.txt
2026-01-05 21:43:23,407 INFO Wrote MC_Acquiring.txt
2026-01-05 21:43:23,417 INFO Wrote MC_Acquiring.txt
2026-01-05 21:43:23,421 INFO Wrote MC_Acquiring.txt
2026-01-05 21:43:23,429 INFO Wrote MC_Acquiring.txt
2026-01-05 21:43:23,433 INFO Wrote MC_Acquiring.txt
2026-01-05 21:43:23,441 INFO Wrote MC_Acquiring.txt
2026-01-05 21:43:23,447 INFO Wrote MC_Acquiring.txt
2026-01-05 21:43:23,452 INFO Wrote MC_Acquiring.txt
2026-01-05 21:43:23,456 INFO Wrote MC_Acquiring.txt
2026-01-05 21:43:23,460 INFO Wrote MC_Acquiring.txt
2026-01-05 21:43:23,465 INFO Wrote MC_Acquiring.txt
2026-01-05 21:43:23,472 INFO Wrote MC_Acquiring.txt
2026-01-05 21:43:23,478 INFO Wrote MC_Acquiring.txt
2026-01-05 21:43:23,483 INFO Wrote MC_Acquiring.txt
2026-01-05 21:43:23,490 INFO Wrote MC_Acquiring.txt
2026-01-05 21:43:23,494 INFO Wrote MC_Acquiring.txt
2026-01-05 21:43:23,499 INFO Wrote MC_Acquiring.txt
2026-01-05 21:43:23,503 INFO Wrote MC_Acquiring.txt
2026-01-05 21:43:23,511 INFO Wrote MC_Acquiring.txt
2026-01-05 21:43:23,516 INFO Wrote MC_Acquiring.txt
2026-01-05 21:43:23,521 INFO Wrote MC_Acquiring.txt
2026-01-05 21:43:23,525 INFO Wrote MC_Acquiring.txt
2026-01-05 21:43:23,530 INFO Wrote MC_Acquiring.txt
2026-01-05 21:43:23,535 INFO Wrote MC_Acquiring.txt
2026-01-05 21:43:23,540 INFO Wrote MC_Acquiring.txt
2026-01-05 21:43:23,544 INFO Wrote MC_Acquiring.txt
2026-01-05 21:43:23,551 INFO Wrote MC_Acquiring.txt
2026-01-05 21:43:23,555 INFO Wrote MC_Acquiring.txt
2026-01-05 21:43:23,559 INFO Wrote MC_Acquiring.txt
2026-01-05 21:43:23,564 INFO Wrote MC_Acquiring.txt
2026-01-05 21:43:23,570 INFO Wrote MC_Acquiring.txt
2026-01-05 21:43:23,576 INFO Wrote MC_Acquiring.txt
2026-01-05 21:43:23,588 INFO Wrote MC_Acquiring.txt
2026-01-05 21:43:23,598 INFO Wrote MC_Acquiring.txt
2026-01-05 21:43:23,605 INFO Wrote MC_Acquiring.txt
2026-01-05 21:43:23,611 INFO Wrote MC_Acquiring.txt
2026-01-05 21:43:23,616 INFO Wrote MC_Acquiring.txt
2026-01-05 21:43:23,621 INFO Wrote MC_Acquiring.txt
2026-01-05 21:43:23,625 INFO Wrote MC_Acquiring.txt
2026-01-05 21:45:00,745 INFO Wrote MC_Acquiring.txt
2026-01-05 21:45:00,750 INFO Wrote MC_Acquiring.txt
2026-01-05 21:45:00,755 INFO Wrote MC_Acquiring.txt
2026-01-05 21:45:00,760 INFO Wrote MC_Acquiring.txt
2026-01-05 21:45:00,767 INFO Wrote MC_Acquiring.txt
2026-01-05 21:45:00,776 INFO Wrote MC_Acquiring.txt
2026-01-05 21:45:00,781 INFO Wrote MC_Acquiring.txt
2026-01-05 21:45:00,785 INFO Wrote MC_Acquiring.txt
2026-01-05 21:45:00,789 INFO Wrote MC_Acquiring.txt
2026-01-05 21:45:00,793 INFO Wrote MC_Acquiring.txt
2026-01-05 21:45:00,797 INFO Wrote MC_Acquiring.txt
2026-01-05 21:45:00,806 INFO Wrote MC_Acquiring.txt
2026-01-05 21:45:00,812 INFO Wrote MC_Acquiring.txt
2026-01-05 21:45:00,817 INFO Wrote MC_Acquiring.txt
2026-01-05 21:45:00,820 INFO Wrote MC_Acquiring.txt
2026-01-05 21:45:00,826 INFO Wrote MC_Acquiring.txt
2026-01-05 21:45:00,830 INFO Wrote MC_Acquiring.txt
2026-01-05 21:45:00,835 INFO Wrote MC_Acquiring.txt
2026-01-05 21:45:00,839 INFO Wrote MC_Acquiring.txt
2026-01-05 21:45:00,844 INFO Wrote MC_Acquiring.txt
2026-01-05 21:45:00,849 INFO Wrote MC_Acquiring.txt
2026-01-05 21:45:00,854 INFO Wrote MC_Acquiring.txt
2026-01-05 21:45:00,861 INFO Wrote MC_Acquiring.txt
2026-01-05 21:45:00,867 INFO Wrote MC_Acquiring.txt
2026-01-05 21:45:00,874 INFO Wrote MC_Acquiring.txt
2026-01-05 21:45:00,883 INFO Wrote MC_Acquiring.txt
2026-01-05 21:45:00,889 INFO Wrote MC_Acquiring.txt
2026-01-05 21:45:00,894 INFO Wrote MC_Acquiring.txt
2026-01-05 21:45:00,898 INFO Wrote MC_Acquiring.txt
2026-01-05 21:45:00,904 INFO Wrote MC_Acquiring.txt
2026-01-05 21:45:00,911 INFO Wrote MC_Acquiring.txt
2026-01-05 21:45:00,916 INFO Wrote MC_Acquiring.txt
2026-01-05 21:45:00,920 INFO Wrote MC_Acquiring.txt
2026-01-05 21:45:00,924 INFO Wrote MC_Acquiring.txt
2026-01-05 21:45:00,932 INFO Wrote MC_Acquiring.txt
2026-01-05 21:45:00,937 INFO Wrote MC_Acquiring.txt
2026-01-05 21:45:00,942 INFO Wrote MC_Acquiring.txt
2026-01-05 21:45:00,947 INFO Wrote MC_Acquiring.txt
2026-01-05 21:45:00,952 INFO Wrote MC_Acquiring.txt
2026-01-05 21:45:00,958 INFO Wrote MC_Acquiring.txt
2026-01-05 21:45:00,962 INFO Wrote MC_Acquiring.txt
2026-01-05 21:45:00,972 INFO Wrote MC_Acquiring.txt
2026-01-05 21:46:01,042 INFO Wrote MC_Acquiring.txt
2026-01-05 21:46:29,364 INFO Running settlement-only read to verify parsing of MC_SETT_PATH (no LOE/Outgoing re-read)
2026-01-05 21:46:29,396 INFO Read MC settlement as TSV: E:\Automation - Copy\Card_recon\original reports\MC TEST.txt (shape=(1310, 1))
2026-01-05 21:46:33,074 INFO Wrote MC_Acquiring.txt
2026-01-05 21:46:33,080 INFO Wrote MC_Acquiring.txt
2026-01-05 21:46:33,084 INFO Wrote MC_Acquiring.txt
2026-01-05 21:46:33,089 INFO Wrote MC_Acquiring.txt
2026-01-05 21:46:33,093 INFO Wrote MC_Acquiring.txt
2026-01-05 21:46:33,097 INFO Wrote MC_Acquiring.txt
2026-01-05 21:46:33,102 INFO Wrote MC_Acquiring.txt
2026-01-05 21:46:33,108 INFO Wrote MC_Acquiring.txt
2026-01-05 21:46:33,112 INFO Wrote MC_Acquiring.txt
2026-01-05 21:46:33,118 INFO Wrote MC_Acquiring.txt
2026-01-05 21:46:33,129 INFO Wrote MC_Acquiring.txt
2026-01-05 21:46:33,133 INFO Wrote MC_Acquiring.txt
2026-01-05 21:46:33,138 INFO Wrote MC_Acquiring.txt
2026-01-05 21:46:33,146 INFO Wrote MC_Acquiring.txt
2026-01-05 21:46:33,151 INFO Wrote MC_Acquiring.txt
2026-01-05 21:46:33,155 INFO Wrote MC_Acquiring.txt
2026-01-05 21:46:33,159 INFO Wrote MC_Acquiring.txt
2026-01-05 21:46:33,164 INFO Wrote MC_Acquiring.txt
2026-01-05 21:46:33,169 INFO Wrote MC_Acquiring.txt
2026-01-05 21:46:33,173 INFO Wrote MC_Acquiring.txt
2026-01-05 21:46:33,178 INFO Wrote MC_Acquiring.txt
2026-01-05 21:46:33,182 INFO Wrote MC_Acquiring.txt
2026-01-05 21:46:33,189 INFO Wrote MC_Acquiring.txt
2026-01-05 21:46:33,195 INFO Wrote MC_Acquiring.txt
2026-01-05 21:46:33,199 INFO Wrote MC_Acquiring.txt
2026-01-05 21:46:33,203 INFO Wrote MC_Acquiring.txt
2026-01-05 21:46:33,208 INFO Wrote MC_Acquiring.txt
2026-01-05 21:46:33,213 INFO Wrote MC_Acquiring.txt
2026-01-05 21:46:33,217 INFO Wrote MC_Acquiring.txt
2026-01-05 21:46:33,227 INFO Wrote MC_Acquiring.txt
2026-01-05 21:46:33,232 INFO Wrote MC_Acquiring.txt
2026-01-05 21:46:33,236 INFO Wrote MC_Acquiring.txt
2026-01-05 21:46:33,240 INFO Wrote MC_Acquiring.txt
2026-01-05 21:46:33,244 INFO Wrote MC_Acquiring.txt
2026-01-05 21:46:33,250 INFO Wrote MC_Acquiring.txt
2026-01-05 21:46:33,256 INFO Wrote MC_Acquiring.txt
2026-01-05 21:46:33,263 INFO Wrote MC_Acquiring.txt
2026-01-05 21:46:33,272 INFO Wrote MC_Acquiring.txt
2026-01-05 21:46:33,276 INFO Wrote MC_Acquiring.txt
2026-01-05 21:46:33,281 INFO Wrote MC_Acquiring.txt
2026-01-05 21:46:33,285 INFO Wrote MC_Acquiring.txt
2026-01-05 21:46:33,292 INFO Wrote MC_Acquiring.txt
2026-01-05 21:47:59,094 INFO Wrote MC_Acquiring.txt
2026-01-05 21:47:59,099 INFO Wrote MC_Acquiring.txt
2026-01-05 21:47:59,104 INFO Wrote MC_Acquiring.txt
2026-01-05 21:47:59,108 INFO Wrote MC_Acquiring.txt
2026-01-05 21:47:59,112 INFO Wrote MC_Acquiring.txt
2026-01-05 21:47:59,117 INFO Wrote MC_Acquiring.txt
2026-01-05 21:47:59,122 INFO Wrote MC_Acquiring.txt
2026-01-05 21:47:59,125 INFO Wrote MC_Acquiring.txt
2026-01-05 21:47:59,132 INFO Wrote MC_Acquiring.txt
2026-01-05 21:47:59,137 INFO Wrote MC_Acquiring.txt
2026-01-05 21:47:59,144 INFO Wrote MC_Acquiring.txt
2026-01-05 21:47:59,149 INFO Wrote MC_Acquiring.txt
2026-01-05 21:47:59,154 INFO Wrote MC_Acquiring.txt
2026-01-05 21:47:59,161 INFO Wrote MC_Acquiring.txt
2026-01-05 21:47:59,168 INFO Wrote MC_Acquiring.txt
2026-01-05 21:47:59,175 INFO Wrote MC_Acquiring.txt
2026-01-05 21:47:59,179 INFO Wrote MC_Acquiring.txt
2026-01-05 21:47:59,185 INFO Wrote MC_Acquiring.txt
2026-01-05 21:47:59,190 INFO Wrote MC_Acquiring.txt
2026-01-05 21:47:59,195 INFO Wrote MC_Acquiring.txt
2026-01-05 21:47:59,199 INFO Wrote MC_Acquiring.txt
2026-01-05 21:47:59,203 INFO Wrote MC_Acquiring.txt
2026-01-05 21:47:59,207 INFO Wrote MC_Acquiring.txt
2026-01-05 21:47:59,211 INFO Wrote MC_Acquiring.txt
2026-01-05 21:47:59,217 INFO Wrote MC_Acquiring.txt
2026-01-05 21:47:59,222 INFO Wrote MC_Acquiring.txt
2026-01-05 21:47:59,225 INFO Wrote MC_Acquiring.txt
2026-01-05 21:47:59,228 INFO Wrote MC_Acquiring.txt
2026-01-05 21:47:59,233 INFO Wrote MC_Acquiring.txt
2026-01-05 21:47:59,243 INFO Wrote MC_Acquiring.txt
2026-01-05 21:47:59,248 INFO Wrote MC_Acquiring.txt
2026-01-05 21:47:59,253 INFO Wrote MC_Acquiring.txt
2026-01-05 21:47:59,258 INFO Wrote MC_Acquiring.txt
2026-01-05 21:47:59,263 INFO Wrote MC_Acquiring.txt
2026-01-05 21:47:59,267 INFO Wrote MC_Acquiring.txt
2026-01-05 21:47:59,271 INFO Wrote MC_Acquiring.txt
2026-01-05 21:47:59,275 INFO Wrote MC_Acquiring.txt
2026-01-05 21:47:59,281 INFO Wrote MC_Acquiring.txt
2026-01-05 21:47:59,286 INFO Wrote MC_Acquiring.txt
2026-01-05 21:47:59,289 INFO Wrote MC_Acquiring.txt
2026-01-05 21:47:59,294 INFO Wrote MC_Acquiring.txt
2026-01-05 21:47:59,303 INFO Wrote MC_Acquiring.txt
2026-01-05 21:48:12,130 INFO Wrote MC_Acquiring.txt
2026-01-05 21:48:12,136 INFO Wrote MC_Acquiring.txt
2026-01-05 21:48:12,141 INFO Wrote MC_Acquiring.txt
2026-01-05 21:48:12,153 INFO Wrote MC_Acquiring.txt
2026-01-05 21:48:12,158 INFO Wrote MC_Acquiring.txt
2026-01-05 21:48:12,164 INFO Wrote MC_Acquiring.txt
2026-01-05 21:48:12,168 INFO Wrote MC_Acquiring.txt
2026-01-05 21:48:12,173 INFO Wrote MC_Acquiring.txt
2026-01-05 21:48:12,177 INFO Wrote MC_Acquiring.txt
2026-01-05 21:48:12,182 INFO Wrote MC_Acquiring.txt
2026-01-05 21:48:12,188 INFO Wrote MC_Acquiring.txt
2026-01-05 21:48:12,196 INFO Wrote MC_Acquiring.txt
2026-01-05 21:48:12,200 INFO Wrote MC_Acquiring.txt
2026-01-05 21:48:12,204 INFO Wrote MC_Acquiring.txt
2026-01-05 21:48:12,207 INFO Wrote MC_Acquiring.txt
2026-01-05 21:48:12,212 INFO Wrote MC_Acquiring.txt
2026-01-05 21:48:12,219 INFO Wrote MC_Acquiring.txt
2026-01-05 21:48:12,224 INFO Wrote MC_Acquiring.txt
2026-01-05 21:48:12,228 INFO Wrote MC_Acquiring.txt
2026-01-05 21:48:12,232 INFO Wrote MC_Acquiring.txt
2026-01-05 21:48:12,240 INFO Wrote MC_Acquiring.txt
2026-01-05 21:48:12,245 INFO Wrote MC_Acquiring.txt
2026-01-05 21:48:12,250 INFO Wrote MC_Acquiring.txt
2026-01-05 21:48:12,255 INFO Wrote MC_Acquiring.txt
2026-01-05 21:48:12,259 INFO Wrote MC_Acquiring.txt
2026-01-05 21:48:12,263 INFO Wrote MC_Acquiring.txt
2026-01-05 21:48:12,266 INFO Wrote MC_Acquiring.txt
2026-01-05 21:48:12,270 INFO Wrote MC_Acquiring.txt
2026-01-05 21:48:12,277 INFO Wrote MC_Acquiring.txt
2026-01-05 21:48:12,282 INFO Wrote MC_Acquiring.txt
2026-01-05 21:48:12,285 INFO Wrote MC_Acquiring.txt
2026-01-05 21:48:12,289 INFO Wrote MC_Acquiring.txt
2026-01-05 21:48:12,292 INFO Wrote MC_Acquiring.txt
2026-01-05 21:48:12,299 INFO Wrote MC_Acquiring.txt
2026-01-05 21:48:12,303 INFO Wrote MC_Acquiring.txt
2026-01-05 21:48:12,308 INFO Wrote MC_Acquiring.txt
2026-01-05 21:48:12,318 INFO Wrote MC_Acquiring.txt
2026-01-05 21:48:12,328 INFO Wrote MC_Acquiring.txt
2026-01-05 21:48:12,333 INFO Wrote MC_Acquiring.txt
2026-01-05 21:48:12,343 INFO Wrote MC_Acquiring.txt
2026-01-05 21:48:12,347 INFO Wrote MC_Acquiring.txt
2026-01-05 21:48:12,351 INFO Wrote MC_Acquiring.txt
2026-01-05 22:06:10,084 INFO Configured paths: LOE_PATH=E:\Automation - Copy\Card_recon\original reports\LOE20250219.xlsx OUTGOING_PATH=E:\Automation - Copy\Card_recon\original reports\All Outgoing Transaction Details TWI_2025_02_20_080441.xlsx LOG_FILE=mc_acquiring_20260105_220610.log OUTPUT_DIR=E:\Automation - Copy\Card_recon\MC_\mc_reports
2026-01-05 22:10:52,308 INFO Configured paths: LOE_PATH=E:\Automation - Copy\Card_recon\original reports\LOE20250219.xlsx OUTGOING_PATH=E:\Automation - Copy\Card_recon\original reports\All Outgoing Transaction Details TWI_2025_02_20_080441.xlsx LOG_FILE=mc_acquiring_20260105_221052.log OUTPUT_DIR=E:\Automation - Copy\Card_recon\MC_\mc_reports
2026-01-05 22:10:52,337 INFO Running settlement-only read to verify parsing of MC_SETT_PATH (no LOE/Outgoing re-read)
2026-01-05 22:10:52,368 INFO Read MC settlement as TSV: E:\Automation - Copy\Card_recon\original reports\MC TEST.txt (shape=(1310, 1))
2026-01-05 22:20:18,154 INFO Configured paths: LOE_PATH=E:\Automation - Copy\Card_recon\original reports\LOE20250219.xlsx OUTGOING_PATH=E:\Automation - Copy\Card_recon\original reports\All Outgoing Transaction Details TWI_2025_02_20_080441.xlsx LOG_FILE=mc_acquiring_20260105_222018.log OUTPUT_DIR=E:\Automation - Copy\Card_recon\MC_\mc_reports
2026-01-05 22:20:18,188 INFO Running settlement-only read to verify parsing of MC_SETT_PATH (no LOE/Outgoing re-read)
2026-01-05 22:20:18,215 INFO Read MC settlement as TSV: E:\Automation - Copy\Card_recon\original reports\MC TEST.txt (shape=(1310, 1))
2026-01-05 22:20:48,646 INFO Extracting headers and transactions from MC settlement
2026-01-05 22:20:48,676 INFO No transaction rows parsed for block 1 (bs_id=)
2026-01-05 22:20:48,704 INFO Wrote parsed block file: E:\Automation - Copy\Card_recon\MC_\mc_reports\mc_settl_parsed\block_002_bs060101.csv
2026-01-05 22:20:48,707 INFO No transaction rows parsed for block 3 (bs_id=)
2026-01-05 22:20:48,715 INFO Wrote parsed block file: E:\Automation - Copy\Card_recon\MC_\mc_reports\mc_settl_parsed\block_004_bs060201.csv
2026-01-05 22:20:48,718 INFO No transaction rows parsed for block 5 (bs_id=)
2026-01-05 22:20:48,728 INFO Wrote parsed block file: E:\Automation - Copy\Card_recon\MC_\mc_reports\mc_settl_parsed\block_006_bs060301.csv
2026-01-05 22:20:48,731 INFO No transaction rows parsed for block 7 (bs_id=)
2026-01-05 22:20:48,742 INFO Wrote parsed block file: E:\Automation - Copy\Card_recon\MC_\mc_reports\mc_settl_parsed\block_008_bs060401.csv
2026-01-05 22:20:48,745 INFO No transaction rows parsed for block 9 (bs_id=)
2026-01-05 22:20:48,756 INFO Wrote parsed block file: E:\Automation - Copy\Card_recon\MC_\mc_reports\mc_settl_parsed\block_010_bs060501.csv
2026-01-05 22:20:48,762 INFO No transaction rows parsed for block 11 (bs_id=)
2026-01-05 22:20:48,779 INFO Wrote parsed block file: E:\Automation - Copy\Card_recon\MC_\mc_reports\mc_settl_parsed\block_012_bs060001.csv
2026-01-05 22:20:48,781 INFO No transaction rows parsed for block 13 (bs_id=)
2026-01-05 22:20:48,793 INFO Wrote parsed block file: E:\Automation - Copy\Card_recon\MC_\mc_reports\mc_settl_parsed\block_014_bs404001.csv
2026-01-05 22:20:48,797 INFO No transaction rows parsed for block 15 (bs_id=)
2026-01-05 22:20:48,815 INFO Wrote parsed block file: E:\Automation - Copy\Card_recon\MC_\mc_reports\mc_settl_parsed\block_016_bs404001.csv
2026-01-05 22:20:48,819 INFO No transaction rows parsed for block 17 (bs_id=)
2026-01-05 22:20:48,839 INFO Wrote parsed block file: E:\Automation - Copy\Card_recon\MC_\mc_reports\mc_settl_parsed\block_018_bs060101.csv
2026-01-05 22:20:48,842 INFO No transaction rows parsed for block 19 (bs_id=)
2026-01-05 22:20:48,853 INFO Wrote parsed block file: E:\Automation - Copy\Card_recon\MC_\mc_reports\mc_settl_parsed\block_020_bs060201.csv
2026-01-05 22:20:48,855 INFO No transaction rows parsed for block 21 (bs_id=)
2026-01-05 22:20:48,867 INFO Wrote parsed block file: E:\Automation - Copy\Card_recon\MC_\mc_reports\mc_settl_parsed\block_022_bs060301.csv
2026-01-05 22:20:48,871 INFO No transaction rows parsed for block 23 (bs_id=)
2026-01-05 22:20:48,895 INFO Wrote parsed block file: E:\Automation - Copy\Card_recon\MC_\mc_reports\mc_settl_parsed\block_024_bs060401.csv
2026-01-05 22:20:48,898 INFO No transaction rows parsed for block 25 (bs_id=)
2026-01-05 22:20:48,912 INFO Wrote parsed block file: E:\Automation - Copy\Card_recon\MC_\mc_reports\mc_settl_parsed\block_026_bs060501.csv
2026-01-05 22:20:48,917 INFO No transaction rows parsed for block 27 (bs_id=)
2026-01-05 22:20:48,928 INFO Wrote parsed block file: E:\Automation - Copy\Card_recon\MC_\mc_reports\mc_settl_parsed\block_028_bs060001.csv
2026-01-05 22:20:48,932 INFO No transaction rows parsed for block 29 (bs_id=)
2026-01-05 22:20:48,941 INFO Wrote parsed block file: E:\Automation - Copy\Card_recon\MC_\mc_reports\mc_settl_parsed\block_030_bs404001.csv
2026-01-05 22:20:48,945 INFO No transaction rows parsed for block 31 (bs_id=)
2026-01-05 22:20:48,959 INFO Wrote parsed block file: E:\Automation - Copy\Card_recon\MC_\mc_reports\mc_settl_parsed\block_032_bs404001.csv
2026-01-05 22:20:48,962 INFO No transaction rows parsed for block 33 (bs_id=)
2026-01-05 22:20:48,973 INFO Wrote parsed block file: E:\Automation - Copy\Card_recon\MC_\mc_reports\mc_settl_parsed\block_034_bs000900.csv
2026-01-05 22:20:48,977 INFO No transaction rows parsed for block 35 (bs_id=)
2026-01-05 22:20:48,988 INFO Wrote parsed block file: E:\Automation - Copy\Card_recon\MC_\mc_reports\mc_settl_parsed\block_036_bs.csv
2026-01-05 22:20:48,996 INFO No transaction rows parsed for block 37 (bs_id=)
2026-01-05 22:20:49,006 INFO Wrote parsed block file: E:\Automation - Copy\Card_recon\MC_\mc_reports\mc_settl_parsed\block_038_bs.csv
2026-01-05 22:20:49,012 INFO No transaction rows parsed for block 39 (bs_id=)
2026-01-05 22:20:49,023 INFO Wrote parsed block file: E:\Automation - Copy\Card_recon\MC_\mc_reports\mc_settl_parsed\block_040_bs.csv
2026-01-05 22:20:49,026 INFO No transaction rows parsed for block 41 (bs_id=)
2026-01-05 22:20:49,037 INFO Wrote parsed block file: E:\Automation - Copy\Card_recon\MC_\mc_reports\mc_settl_parsed\block_042_bs.csv
2026-01-05 22:20:49,041 INFO No transaction rows parsed for block 43 (bs_id=)
2026-01-05 22:20:49,055 INFO Wrote parsed block file: E:\Automation - Copy\Card_recon\MC_\mc_reports\mc_settl_parsed\block_044_bs010601.csv
2026-01-05 22:20:49,056 INFO No transaction rows parsed for block 45 (bs_id=)
2026-01-05 22:20:49,066 INFO Wrote parsed block file: E:\Automation - Copy\Card_recon\MC_\mc_reports\mc_settl_parsed\block_046_bs050601.csv
2026-01-05 22:20:49,069 INFO No transaction rows parsed for block 47 (bs_id=)
2026-01-05 22:20:49,080 INFO Wrote parsed block file: E:\Automation - Copy\Card_recon\MC_\mc_reports\mc_settl_parsed\block_048_bs060001.csv
2026-01-05 22:20:49,083 INFO No transaction rows parsed for block 49 (bs_id=)
2026-01-05 22:20:49,098 INFO Wrote parsed block file: E:\Automation - Copy\Card_recon\MC_\mc_reports\mc_settl_parsed\block_050_bs404001.csv
2026-01-05 22:20:49,101 INFO No transaction rows parsed for block 51 (bs_id=)
2026-01-05 22:20:49,132 INFO Wrote parsed block file: E:\Automation - Copy\Card_recon\MC_\mc_reports\mc_settl_parsed\block_052_bs050601.csv
2026-01-05 22:20:49,135 INFO No transaction rows parsed for block 53 (bs_id=)
2026-01-05 22:20:49,147 INFO Wrote parsed block file: E:\Automation - Copy\Card_recon\MC_\mc_reports\mc_settl_parsed\block_054_bs060101.csv
2026-01-05 22:20:49,149 INFO No transaction rows parsed for block 55 (bs_id=)
2026-01-05 22:20:49,161 INFO Wrote parsed block file: E:\Automation - Copy\Card_recon\MC_\mc_reports\mc_settl_parsed\block_056_bs060001.csv
2026-01-05 22:20:49,163 INFO No transaction rows parsed for block 57 (bs_id=)
2026-01-05 22:20:49,172 INFO Wrote parsed block file: E:\Automation - Copy\Card_recon\MC_\mc_reports\mc_settl_parsed\block_058_bs404001.csv
2026-01-05 22:20:49,175 INFO No transaction rows parsed for block 59 (bs_id=)
2026-01-05 22:20:49,180 INFO No transaction rows parsed for block 60 (bs_id=050601)
2026-01-05 22:20:49,183 INFO No transaction rows parsed for block 61 (bs_id=)
2026-01-05 22:20:49,335 INFO Wrote parsed block file: E:\Automation - Copy\Card_recon\MC_\mc_reports\mc_settl_parsed\block_062_bs.csv
2026-01-05 22:20:49,446 INFO Wrote combined parsed CSV: E:\Automation - Copy\Card_recon\MC_\mc_reports\mc_settl_parsed\mc_settl_parsed_combined.csv
2026-01-05 22:20:49,461 INFO Wrote BUSINESS SERVICE ID SUBTOTAL file
2026-01-05 22:31:46,401 INFO Extracting headers and transactions from MC settlement
2026-01-05 22:31:46,506 WARNING No parsed rows extracted from settlement text
2026-01-05 22:31:46,517 INFO Wrote BUSINESS SERVICE ID SUBTOTAL file
2026-01-05 22:32:53,356 INFO Extracting headers and transactions from MC settlement
2026-01-05 22:32:53,393 INFO No transaction rows parsed for block 1 (bs_id=)
2026-01-05 22:32:53,409 INFO No transaction rows parsed for block 3 (bs_id=)
2026-01-05 22:32:53,416 INFO No transaction rows parsed for block 5 (bs_id=)
2026-01-05 22:32:53,426 INFO No transaction rows parsed for block 7 (bs_id=)
2026-01-05 22:32:53,433 INFO No transaction rows parsed for block 9 (bs_id=)
2026-01-05 22:32:53,451 INFO No transaction rows parsed for block 11 (bs_id=)
2026-01-05 22:32:53,463 INFO No transaction rows parsed for block 13 (bs_id=)
2026-01-05 22:32:53,477 INFO No transaction rows parsed for block 15 (bs_id=)
2026-01-05 22:32:53,493 INFO No transaction rows parsed for block 17 (bs_id=)
2026-01-05 22:32:53,507 INFO No transaction rows parsed for block 19 (bs_id=)
2026-01-05 22:32:53,512 INFO No transaction rows parsed for block 21 (bs_id=)
2026-01-05 22:32:53,521 INFO No transaction rows parsed for block 23 (bs_id=)
2026-01-05 22:32:53,533 INFO No transaction rows parsed for block 25 (bs_id=)
2026-01-05 22:32:53,542 INFO No transaction rows parsed for block 27 (bs_id=)
2026-01-05 22:32:53,553 INFO No transaction rows parsed for block 29 (bs_id=)
2026-01-05 22:32:53,559 INFO No transaction rows parsed for block 31 (bs_id=)
2026-01-05 22:32:53,563 INFO No transaction rows parsed for block 33 (bs_id=)
2026-01-05 22:32:53,571 INFO No transaction rows parsed for block 35 (bs_id=)
2026-01-05 22:32:53,581 INFO No transaction rows parsed for block 37 (bs_id=)
2026-01-05 22:32:53,597 INFO No transaction rows parsed for block 39 (bs_id=)
2026-01-05 22:32:53,605 INFO No transaction rows parsed for block 41 (bs_id=)
2026-01-05 22:32:53,616 INFO No transaction rows parsed for block 43 (bs_id=)
2026-01-05 22:32:53,623 INFO No transaction rows parsed for block 45 (bs_id=)
2026-01-05 22:32:53,630 INFO No transaction rows parsed for block 47 (bs_id=)
2026-01-05 22:32:53,643 INFO No transaction rows parsed for block 49 (bs_id=)
2026-01-05 22:32:53,651 INFO No transaction rows parsed for block 51 (bs_id=)
2026-01-05 22:32:53,661 INFO No transaction rows parsed for block 53 (bs_id=)
2026-01-05 22:32:53,673 INFO No transaction rows parsed for block 55 (bs_id=)
2026-01-05 22:32:53,703 INFO No transaction rows parsed for block 57 (bs_id=)
2026-01-05 22:32:53,715 INFO No transaction rows parsed for block 59 (bs_id=)
2026-01-05 22:32:53,721 INFO No transaction rows parsed for block 60 (bs_id=050601)
2026-01-05 22:32:53,724 INFO No transaction rows parsed for block 61 (bs_id=)
2026-01-05 22:32:53,803 INFO Wrote combined parsed CSV: E:\Automation - Copy\Card_recon\MC_\mc_reports\mc_settl_parsed\mc_settl_parsed_combined.csv
2026-01-05 22:33:15,559 INFO Extracting headers and transactions from MC settlement
2026-01-05 22:33:15,583 INFO No transaction rows parsed for block 1 (bs_id=)
2026-01-05 22:33:15,591 INFO No transaction rows parsed for block 3 (bs_id=)
2026-01-05 22:33:15,595 INFO No transaction rows parsed for block 5 (bs_id=)
2026-01-05 22:33:15,608 INFO No transaction rows parsed for block 7 (bs_id=)
2026-01-05 22:33:15,613 INFO No transaction rows parsed for block 9 (bs_id=)
2026-01-05 22:33:15,620 INFO No transaction rows parsed for block 11 (bs_id=)
2026-01-05 22:33:15,629 INFO No transaction rows parsed for block 13 (bs_id=)
2026-01-05 22:33:15,637 INFO No transaction rows parsed for block 15 (bs_id=)
2026-01-05 22:33:15,647 INFO No transaction rows parsed for block 17 (bs_id=)
2026-01-05 22:33:15,656 INFO No transaction rows parsed for block 19 (bs_id=)
2026-01-05 22:33:15,661 INFO No transaction rows parsed for block 21 (bs_id=)
2026-01-05 22:33:15,673 INFO No transaction rows parsed for block 23 (bs_id=)
2026-01-05 22:33:15,683 INFO No transaction rows parsed for block 25 (bs_id=)
2026-01-05 22:33:15,692 INFO No transaction rows parsed for block 27 (bs_id=)
2026-01-05 22:33:15,701 INFO No transaction rows parsed for block 29 (bs_id=)
2026-01-05 22:33:15,710 INFO No transaction rows parsed for block 31 (bs_id=)
2026-01-05 22:33:15,716 INFO No transaction rows parsed for block 33 (bs_id=)
2026-01-05 22:33:15,722 INFO No transaction rows parsed for block 35 (bs_id=)
2026-01-05 22:33:15,736 INFO No transaction rows parsed for block 37 (bs_id=)
2026-01-05 22:33:15,741 INFO No transaction rows parsed for block 39 (bs_id=)
2026-01-05 22:33:15,746 INFO No transaction rows parsed for block 41 (bs_id=)
2026-01-05 22:33:15,759 INFO No transaction rows parsed for block 43 (bs_id=)
2026-01-05 22:33:15,769 INFO No transaction rows parsed for block 45 (bs_id=)
2026-01-05 22:33:15,778 INFO No transaction rows parsed for block 47 (bs_id=)
2026-01-05 22:33:15,785 INFO No transaction rows parsed for block 49 (bs_id=)
2026-01-05 22:33:15,802 INFO No transaction rows parsed for block 51 (bs_id=)
2026-01-05 22:33:15,811 INFO No transaction rows parsed for block 53 (bs_id=)
2026-01-05 22:33:15,818 INFO No transaction rows parsed for block 55 (bs_id=)
2026-01-05 22:33:15,827 INFO No transaction rows parsed for block 57 (bs_id=)
2026-01-05 22:33:15,836 INFO No transaction rows parsed for block 59 (bs_id=)
2026-01-05 22:33:15,839 INFO No transaction rows parsed for block 60 (bs_id=050601)
2026-01-05 22:33:15,842 INFO No transaction rows parsed for block 61 (bs_id=)
2026-01-05 22:33:15,933 INFO Wrote combined parsed CSV: E:\Automation - Copy\Card_recon\MC_\mc_reports\mc_settl_parsed\mc_settl_parsed_combined.csv
2026-01-05 22:33:15,945 INFO Wrote BUSINESS SERVICE ID SUBTOTAL file
2026-01-05 22:49:17,514 INFO Configured paths: LOE_PATH=E:\Automation - Copy\Card_recon\original reports\LOE20250219.xlsx OUTGOING_PATH=E:\Automation - Copy\Card_recon\original reports\All Outgoing Transaction Details TWI_2025_02_20_080441.xlsx LOG_FILE=mc_acquiring_20260105_224917.log OUTPUT_DIR=E:\Automation - Copy\Card_recon\MC_\mc_reports
2026-01-05 22:49:21,066 INFO Configured paths: LOE_PATH=E:\Automation - Copy\Card_recon\original reports\LOE20250219.xlsx OUTGOING_PATH=E:\Automation - Copy\Card_recon\original reports\All Outgoing Transaction Details TWI_2025_02_20_080441.xlsx LOG_FILE=mc_acquiring_20260105_224921.log OUTPUT_DIR=E:\Automation - Copy\Card_recon\MC_\mc_reports
2026-01-05 22:49:21,122 INFO Running settlement-only read to verify parsing of MC_SETT_PATH (no LOE/Outgoing re-read)
2026-01-05 22:49:21,128 WARNING MC settlement not found: E:\Automation - Copy\Card_recon\original reports\TT140T0.2025-02-20-17-52-08.txt
2026-01-05 22:49:21,313 INFO Extracting headers and transactions from MC settlement
2026-01-05 22:49:21,323 INFO No transaction rows parsed for block 1 (bs_id=)
2026-01-05 22:49:21,331 WARNING No parsed rows extracted from settlement text
2026-01-05 22:49:52,539 INFO Extracting headers and transactions from MC settlement
2026-01-05 22:49:52,549 INFO No transaction rows parsed for block 1 (bs_id=)
2026-01-05 22:49:52,553 WARNING No parsed rows extracted from settlement text
2026-01-05 22:51:34,562 INFO Configured paths: LOE_PATH=E:\Automation - Copy\Card_recon\original reports\LOE20250219.xlsx OUTGOING_PATH=E:\Automation - Copy\Card_recon\original reports\All Outgoing Transaction Details TWI_2025_02_20_080441.xlsx LOG_FILE=mc_acquiring_20260105_225134.log OUTPUT_DIR=E:\Automation - Copy\Card_recon\MC_\mc_reports
2026-01-05 22:51:34,595 INFO Running settlement-only read to verify parsing of MC_SETT_PATH (no LOE/Outgoing re-read)
2026-01-05 22:51:34,601 WARNING MC settlement not found: E:\Automation - Copy\Card_recon\original reports\TT140T0.2025-02-20-17-52-08.txt
2026-01-05 22:51:34,798 INFO Extracting headers and transactions from MC settlement
2026-01-05 22:51:34,805 INFO No transaction rows parsed for block 1 (bs_id=)
2026-01-05 22:51:34,812 WARNING No parsed rows extracted from settlement text
2026-01-05 22:52:24,697 INFO Configured paths: LOE_PATH=E:\Automation - Copy\Card_recon\original reports\LOE20250219.xlsx OUTGOING_PATH=E:\Automation - Copy\Card_recon\original reports\All Outgoing Transaction Details TWI_2025_02_20_080441.xlsx LOG_FILE=mc_acquiring_.log OUTPUT_DIR=E:\Automation - Copy\Card_recon\MC_\mc_reports
2026-01-05 22:52:24,728 INFO Running settlement-only read to verify parsing of MC_SETT_PATH (no LOE/Outgoing re-read)
2026-01-05 22:52:24,734 WARNING MC settlement not found: E:\Automation - Copy\Card_recon\original reports\TT140T0.2025-02-20-17-52-08.txt
2026-01-05 22:52:24,839 INFO Extracting headers and transactions from MC settlement
2026-01-05 22:52:24,854 INFO No transaction rows parsed for block 1 (bs_id=)
2026-01-05 22:52:24,856 WARNING No parsed rows extracted from settlement text
2026-01-05 22:52:29,825 INFO Configured paths: LOE_PATH=E:\Automation - Copy\Card_recon\original reports\LOE20250219.xlsx OUTGOING_PATH=E:\Automation - Copy\Card_recon\original reports\All Outgoing Transaction Details TWI_2025_02_20_080441.xlsx LOG_FILE=mc_acquiring_.log OUTPUT_DIR=E:\Automation - Copy\Card_recon\MC_\mc_reports
2026-01-05 22:52:29,859 INFO Running settlement-only read to verify parsing of MC_SETT_PATH (no LOE/Outgoing re-read)
2026-01-05 22:52:29,867 WARNING MC settlement not found: E:\Automation - Copy\Card_recon\original reports\TT140T0.2025-02-20-17-52-08.txt
2026-01-05 22:52:30,493 INFO Extracting headers and transactions from MC settlement
2026-01-05 22:52:30,500 INFO No transaction rows parsed for block 1 (bs_id=)
2026-01-05 22:52:30,504 WARNING No parsed rows extracted from settlement text
2026-01-05 22:52:47,805 INFO Configured paths: LOE_PATH=E:\Automation - Copy\Card_recon\original reports\LOE20250219.xlsx OUTGOING_PATH=E:\Automation - Copy\Card_recon\original reports\All Outgoing Transaction Details TWI_2025_02_20_080441.xlsx LOG_FILE=mc_acquiring_.log OUTPUT_DIR=E:\Automation - Copy\Card_recon\MC_\mc_reports
2026-01-05 22:52:47,848 INFO Running settlement-only read to verify parsing of MC_SETT_PATH (no LOE/Outgoing re-read)
2026-01-05 22:52:47,854 WARNING MC settlement not found: E:\Automation - Copy\Card_recon\original reports\TT140T0.2025-02-20-17-52-08.txt
2026-01-05 22:52:48,028 INFO Extracting headers and transactions from MC settlement
2026-01-05 22:52:48,036 INFO No transaction rows parsed for block 1 (bs_id=)
2026-01-05 22:52:48,038 WARNING No parsed rows extracted from settlement text
2026-01-05 22:54:57,574 INFO Configured paths: LOE_PATH=E:\Automation - Copy\Card_recon\original reports\LOE20250219.xlsx OUTGOING_PATH=E:\Automation - Copy\Card_recon\original reports\All Outgoing Transaction Details TWI_2025_02_20_080441.xlsx LOG_FILE=mc_acquiring_.log OUTPUT_DIR=E:\Automation - Copy\Card_recon\MC_\mc_reports
2026-01-05 22:55:00,605 INFO Configured paths: LOE_PATH=E:\Automation - Copy\Card_recon\original reports\LOE20250219.xlsx OUTGOING_PATH=E:\Automation - Copy\Card_recon\original reports\All Outgoing Transaction Details TWI_2025_02_20_080441.xlsx LOG_FILE=mc_acquiring_.log OUTPUT_DIR=E:\Automation - Copy\Card_recon\MC_\mc_reports
2026-01-05 22:55:00,650 INFO Running settlement-only read to verify parsing of MC_SETT_PATH (no LOE/Outgoing re-read)
2026-01-05 22:55:00,656 WARNING MC settlement not found: E:\Automation - Copy\Card_recon\original reports\TT140T0.2025-02-20-17-52-08001 File (.001)
2026-01-05 22:55:00,830 INFO Extracting headers and transactions from MC settlement
2026-01-05 22:55:00,839 INFO No transaction rows parsed for block 1 (bs_id=)
2026-01-05 22:55:00,844 WARNING No parsed rows extracted from settlement text
2026-01-05 22:55:43,948 INFO Configured paths: LOE_PATH=E:\Automation - Copy\Card_recon\original reports\LOE20250219.xlsx OUTGOING_PATH=E:\Automation - Copy\Card_recon\original reports\All Outgoing Transaction Details TWI_2025_02_20_080441.xlsx LOG_FILE=mc_acquiring_.log OUTPUT_DIR=E:\Automation - Copy\Card_recon\MC_\mc_reports
2026-01-05 22:55:44,012 INFO Running settlement-only read to verify parsing of MC_SETT_PATH (no LOE/Outgoing re-read)
2026-01-05 22:55:44,017 WARNING MC settlement not found: E:\Automation - Copy\Card_recon\original reports\TT140T0.2025-02-20-17-52-08.001 File (.001)
2026-01-05 22:55:44,303 INFO Extracting headers and transactions from MC settlement
2026-01-05 22:55:44,310 INFO No transaction rows parsed for block 1 (bs_id=)
2026-01-05 22:55:44,313 WARNING No parsed rows extracted from settlement text
2026-01-05 23:03:33,018 INFO Configured paths: LOE_PATH=E:\Automation - Copy\Card_recon\original reports\LOE20250219.xlsx OUTGOING_PATH=E:\Automation - Copy\Card_recon\original reports\All Outgoing Transaction Details TWI_2025_02_20_080441.xlsx LOG_FILE=mc_acquiring_.log OUTPUT_DIR=E:\Automation - Copy\Card_recon\MC_\mc_reports
2026-01-05 23:03:49,353 INFO Configured paths: LOE_PATH=E:\Automation - Copy\Card_recon\original reports\LOE20250219.xlsx OUTGOING_PATH=E:\Automation - Copy\Card_recon\original reports\All Outgoing Transaction Details TWI_2025_02_20_080441.xlsx LOG_FILE=mc_acquiring_.log OUTPUT_DIR=E:\Automation - Copy\Card_recon\MC_\mc_reports
2026-01-05 23:03:49,387 INFO Running settlement-only read to verify parsing of MC_SETT_PATH (no LOE/Outgoing re-read)
2026-01-05 23:03:49,450 INFO Read MC settlement as TSV: E:\Automation - Copy\Card_recon\original reports\output.txt (shape=(1201, 1))
2026-01-05 23:04:00,819 INFO Extracting headers and transactions from MC settlement
2026-01-05 23:04:00,841 INFO No transaction rows parsed for block 1 (bs_id=)
2026-01-05 23:04:00,847 INFO No transaction rows parsed for block 3 (bs_id=)
2026-01-05 23:04:00,852 INFO No transaction rows parsed for block 5 (bs_id=)
2026-01-05 23:04:00,856 INFO No transaction rows parsed for block 7 (bs_id=)
2026-01-05 23:04:00,875 INFO No transaction rows parsed for block 9 (bs_id=)
2026-01-05 23:04:00,882 INFO No transaction rows parsed for block 11 (bs_id=)
2026-01-05 23:04:00,890 INFO No transaction rows parsed for block 13 (bs_id=)
2026-01-05 23:04:00,897 INFO No transaction rows parsed for block 15 (bs_id=)
2026-01-05 23:04:00,907 INFO No transaction rows parsed for block 17 (bs_id=)
2026-01-05 23:04:00,919 INFO No transaction rows parsed for block 19 (bs_id=)
2026-01-05 23:04:00,928 INFO No transaction rows parsed for block 21 (bs_id=)
2026-01-05 23:04:00,934 INFO No transaction rows parsed for block 23 (bs_id=)
2026-01-05 23:04:00,940 INFO No transaction rows parsed for block 25 (bs_id=)
2026-01-05 23:04:00,949 INFO No transaction rows parsed for block 27 (bs_id=)
2026-01-05 23:04:00,954 INFO No transaction rows parsed for block 29 (bs_id=)
2026-01-05 23:04:00,967 INFO No transaction rows parsed for block 31 (bs_id=)
2026-01-05 23:04:00,973 INFO No transaction rows parsed for block 33 (bs_id=)
2026-01-05 23:04:00,990 INFO No transaction rows parsed for block 35 (bs_id=)
2026-01-05 23:04:00,998 INFO No transaction rows parsed for block 37 (bs_id=)
2026-01-05 23:04:01,003 INFO No transaction rows parsed for block 39 (bs_id=)
2026-01-05 23:04:01,012 INFO No transaction rows parsed for block 41 (bs_id=)
2026-01-05 23:04:01,017 INFO No transaction rows parsed for block 43 (bs_id=)
2026-01-05 23:04:01,021 INFO No transaction rows parsed for block 45 (bs_id=)
2026-01-05 23:04:01,029 INFO No transaction rows parsed for block 47 (bs_id=)
2026-01-05 23:04:01,034 INFO No transaction rows parsed for block 49 (bs_id=)
2026-01-05 23:04:01,045 INFO No transaction rows parsed for block 51 (bs_id=)
2026-01-05 23:04:01,054 INFO No transaction rows parsed for block 53 (bs_id=)
2026-01-05 23:04:01,062 INFO No transaction rows parsed for block 55 (bs_id=)
2026-01-05 23:04:01,074 INFO No transaction rows parsed for block 57 (bs_id=)
2026-01-05 23:04:01,082 INFO No transaction rows parsed for block 59 (bs_id=)
2026-01-05 23:04:01,089 INFO No transaction rows parsed for block 61 (bs_id=)
2026-01-05 23:04:01,097 INFO No transaction rows parsed for block 63 (bs_id=)
2026-01-05 23:04:01,104 INFO No transaction rows parsed for block 65 (bs_id=)
2026-01-05 23:04:01,117 INFO No transaction rows parsed for block 67 (bs_id=)
2026-01-05 23:04:01,124 INFO No transaction rows parsed for block 69 (bs_id=)
2026-01-05 23:04:01,133 INFO No transaction rows parsed for block 71 (bs_id=)
2026-01-05 23:04:01,141 INFO No transaction rows parsed for block 73 (bs_id=)
2026-01-05 23:04:01,158 INFO No transaction rows parsed for block 75 (bs_id=)
2026-01-05 23:04:01,170 INFO No transaction rows parsed for block 77 (bs_id=)
2026-01-05 23:04:01,178 INFO No transaction rows parsed for block 78 (bs_id=010601)
2026-01-05 23:04:01,181 INFO No transaction rows parsed for block 79 (bs_id=)
2026-01-05 23:04:01,246 INFO Wrote combined parsed CSV: E:\Automation - Copy\Card_recon\MC_\mc_reports\mc_settl_parsed\mc_settl_parsed_combined.csv
2026-01-05 23:04:01,260 INFO Wrote BUSINESS SERVICE ID SUBTOTAL file
2026-01-05 23:20:59,256 INFO ===== Conversion started =====
2026-01-05 23:21:51,935 INFO ===== Conversion started =====
2026-01-05 23:21:51,985 INFO Converted: E:\\Automation - Copy\\Card_recon\\original reports\TT140T0.2025-02-20-17-52-00.001 -> E:\\Automation - Copy\\Card_recon\\original reports\TT140T0.2025-02-20-17-52-00.txt
2026-01-05 23:21:52,086 INFO Converted: E:\\Automation - Copy\\Card_recon\\original reports\TT140T0.2025-02-20-17-52-08.001 -> E:\\Automation - Copy\\Card_recon\\original reports\TT140T0.2025-02-20-17-52-08.txt
2026-01-05 23:21:52,280 INFO Converted: E:\\Automation - Copy\\Card_recon\\original reports\TT140T0.2025-02-20-17-52-11.001 -> E:\\Automation - Copy\\Card_recon\\original reports\TT140T0.2025-02-20-17-52-11.txt
2026-01-05 23:21:52,333 INFO Converted: E:\\Automation - Copy\\Card_recon\\original reports\TT140T0.2025-02-20-17-58-43.001 -> E:\\Automation - Copy\\Card_recon\\original reports\TT140T0.2025-02-20-17-58-43.txt
2026-01-05 23:21:52,751 INFO Converted: E:\\Automation - Copy\\Card_recon\\original reports\TT461T0.2025-02-20-20-07-20.001 -> E:\\Automation - Copy\\Card_recon\\original reports\TT461T0.2025-02-20-20-07-20.txt
2026-01-05 23:21:52,754 INFO ===== Conversion finished =====
2026-01-05 23:23:05,487 INFO ===== Conversion started =====
2026-01-05 23:23:05,533 INFO Converted: E:\\Automation - Copy\\Card_recon\\original reports\TT140T0.2025-02-20-17-52-00.001 -> E:\\Automation - Copy\\Card_recon\\original reports\TT140T0.2025-02-20-17-52-00.txt
2026-01-05 23:23:05,620 INFO Converted: E:\\Automation - Copy\\Card_recon\\original reports\TT140T0.2025-02-20-17-52-08.001 -> E:\\Automation - Copy\\Card_recon\\original reports\TT140T0.2025-02-20-17-52-08.txt
2026-01-05 23:23:05,680 INFO Converted: E:\\Automation - Copy\\Card_recon\\original reports\TT140T0.2025-02-20-17-52-11.001 -> E:\\Automation - Copy\\Card_recon\\original reports\TT140T0.2025-02-20-17-52-11.txt
2026-01-05 23:23:05,718 INFO Converted: E:\\Automation - Copy\\Card_recon\\original reports\TT140T0.2025-02-20-17-58-43.001 -> E:\\Automation - Copy\\Card_recon\\original reports\TT140T0.2025-02-20-17-58-43.txt
2026-01-05 23:23:05,883 INFO Converted: E:\\Automation - Copy\\Card_recon\\original reports\TT461T0.2025-02-20-20-07-20.001 -> E:\\Automation - Copy\\Card_recon\\original reports\TT461T0.2025-02-20-20-07-20.txt
2026-01-05 23:23:05,885 INFO ===== Conversion finished =====
2026-01-05 23:23:18,244 INFO ===== Conversion started =====
2026-01-05 23:23:18,280 INFO Converted: E:\\Automation - Copy\\Card_recon\\original reports\TT140T0.2025-02-20-17-52-00.001 -> E:\\Automation - Copy\\Card_recon\\original reports\TT140T0.2025-02-20-17-52-00.txt
2026-01-05 23:23:18,380 INFO Converted: E:\\Automation - Copy\\Card_recon\\original reports\TT140T0.2025-02-20-17-52-08.001 -> E:\\Automation - Copy\\Card_recon\\original reports\TT140T0.2025-02-20-17-52-08.txt
2026-01-05 23:23:18,418 INFO Converted: E:\\Automation - Copy\\Card_recon\\original reports\TT140T0.2025-02-20-17-52-11.001 -> E:\\Automation - Copy\\Card_recon\\original reports\TT140T0.2025-02-20-17-52-11.txt
2026-01-05 23:23:18,450 INFO Converted: E:\\Automation - Copy\\Card_recon\\original reports\TT140T0.2025-02-20-17-58-43.001 -> E:\\Automation - Copy\\Card_recon\\original reports\TT140T0.2025-02-20-17-58-43.txt
2026-01-05 23:23:18,692 INFO Converted: E:\\Automation - Copy\\Card_recon\\original reports\TT461T0.2025-02-20-20-07-20.001 -> E:\\Automation - Copy\\Card_recon\\original reports\TT461T0.2025-02-20-20-07-20.txt
2026-01-05 23:23:18,722 INFO ===== Conversion finished =====
2026-01-05 23:23:18,764 INFO Configured paths: LOE_PATH=E:\Automation - Copy\Card_recon\original reports\LOE20250219.xlsx OUTGOING_PATH=E:\Automation - Copy\Card_recon\original reports\All Outgoing Transaction Details TWI_2025_02_20_080441.xlsx LOG_FILE=mc_acquiring_.log OUTPUT_DIR=E:\Automation - Copy\Card_recon\MC_\mc_reports
2026-01-05 23:23:18,826 INFO Running settlement-only read to verify parsing of MC_SETT_PATH (no LOE/Outgoing re-read)
2026-01-05 23:23:18,854 INFO Read MC settlement as TSV: E:\Automation - Copy\Card_recon\original reports\output.txt (shape=(1201, 1))
2026-01-05 23:23:34,496 INFO ===== Conversion started =====
2026-01-05 23:23:34,532 INFO Converted: E:\\Automation - Copy\\Card_recon\\original reports\TT140T0.2025-02-20-17-52-00.001 -> E:\\Automation - Copy\\Card_recon\\original reports\TT140T0.2025-02-20-17-52-00.txt
2026-01-05 23:23:34,630 INFO Converted: E:\\Automation - Copy\\Card_recon\\original reports\TT140T0.2025-02-20-17-52-08.001 -> E:\\Automation - Copy\\Card_recon\\original reports\TT140T0.2025-02-20-17-52-08.txt
2026-01-05 23:23:34,652 INFO Converted: E:\\Automation - Copy\\Card_recon\\original reports\TT140T0.2025-02-20-17-52-11.001 -> E:\\Automation - Copy\\Card_recon\\original reports\TT140T0.2025-02-20-17-52-11.txt
2026-01-05 23:23:34,682 INFO Converted: E:\\Automation - Copy\\Card_recon\\original reports\TT140T0.2025-02-20-17-58-43.001 -> E:\\Automation - Copy\\Card_recon\\original reports\TT140T0.2025-02-20-17-58-43.txt
2026-01-05 23:23:34,787 INFO Converted: E:\\Automation - Copy\\Card_recon\\original reports\TT461T0.2025-02-20-20-07-20.001 -> E:\\Automation - Copy\\Card_recon\\original reports\TT461T0.2025-02-20-20-07-20.txt
2026-01-05 23:23:34,791 INFO ===== Conversion finished =====
2026-01-05 23:23:34,832 INFO Configured paths: LOE_PATH=E:\Automation - Copy\Card_recon\original reports\LOE20250219.xlsx OUTGOING_PATH=E:\Automation - Copy\Card_recon\original reports\All Outgoing Transaction Details TWI_2025_02_20_080441.xlsx LOG_FILE=mc_acquiring_.log OUTPUT_DIR=E:\Automation - Copy\Card_recon\MC_\mc_reports
2026-01-05 23:23:34,884 INFO Running settlement-only read to verify parsing of MC_SETT_PATH (no LOE/Outgoing re-read)
2026-01-05 23:23:34,910 INFO Read MC settlement as TSV: E:\Automation - Copy\Card_recon\original reports\output.txt (shape=(1201, 1))
2026-01-05 23:23:35,120 INFO Extracting headers and transactions from MC settlement
2026-01-05 23:23:35,144 INFO No transaction rows parsed for block 1 (bs_id=)
2026-01-05 23:23:35,152 INFO No transaction rows parsed for block 3 (bs_id=)
2026-01-05 23:23:35,164 INFO No transaction rows parsed for block 5 (bs_id=)
2026-01-05 23:23:35,171 INFO No transaction rows parsed for block 7 (bs_id=)
2026-01-05 23:23:35,187 INFO No transaction rows parsed for block 9 (bs_id=)
2026-01-05 23:23:35,195 INFO No transaction rows parsed for block 11 (bs_id=)
2026-01-05 23:23:35,205 INFO No transaction rows parsed for block 13 (bs_id=)
2026-01-05 23:23:35,215 INFO No transaction rows parsed for block 15 (bs_id=)
2026-01-05 23:23:35,222 INFO No transaction rows parsed for block 17 (bs_id=)
2026-01-05 23:23:35,231 INFO No transaction rows parsed for block 19 (bs_id=)
2026-01-05 23:23:35,237 INFO No transaction rows parsed for block 21 (bs_id=)
2026-01-05 23:23:35,254 INFO No transaction rows parsed for block 23 (bs_id=)
2026-01-05 23:23:35,261 INFO No transaction rows parsed for block 25 (bs_id=)
2026-01-05 23:23:35,267 INFO No transaction rows parsed for block 27 (bs_id=)
2026-01-05 23:23:35,275 INFO No transaction rows parsed for block 29 (bs_id=)
2026-01-05 23:23:35,287 INFO No transaction rows parsed for block 31 (bs_id=)
2026-01-05 23:23:35,298 INFO No transaction rows parsed for block 33 (bs_id=)
2026-01-05 23:23:35,309 INFO No transaction rows parsed for block 35 (bs_id=)
2026-01-05 23:23:35,320 INFO No transaction rows parsed for block 37 (bs_id=)
2026-01-05 23:23:35,327 INFO No transaction rows parsed for block 39 (bs_id=)
2026-01-05 23:23:35,340 INFO No transaction rows parsed for block 41 (bs_id=)
2026-01-05 23:23:35,400 INFO No transaction rows parsed for block 43 (bs_id=)
2026-01-05 23:23:35,406 INFO No transaction rows parsed for block 45 (bs_id=)
2026-01-05 23:23:35,416 INFO No transaction rows parsed for block 47 (bs_id=)
2026-01-05 23:23:35,421 INFO No transaction rows parsed for block 49 (bs_id=)
2026-01-05 23:23:35,427 INFO No transaction rows parsed for block 51 (bs_id=)
2026-01-05 23:23:35,433 INFO No transaction rows parsed for block 53 (bs_id=)
2026-01-05 23:23:35,439 INFO No transaction rows parsed for block 55 (bs_id=)
2026-01-05 23:23:35,444 INFO No transaction rows parsed for block 57 (bs_id=)
2026-01-05 23:23:35,527 INFO No transaction rows parsed for block 59 (bs_id=)
2026-01-05 23:23:35,536 INFO No transaction rows parsed for block 61 (bs_id=)
2026-01-05 23:23:35,544 INFO No transaction rows parsed for block 63 (bs_id=)
2026-01-05 23:23:35,553 INFO No transaction rows parsed for block 65 (bs_id=)
2026-01-05 23:23:35,563 INFO No transaction rows parsed for block 67 (bs_id=)
2026-01-05 23:23:35,569 INFO No transaction rows parsed for block 69 (bs_id=)
2026-01-05 23:23:35,584 INFO No transaction rows parsed for block 71 (bs_id=)
2026-01-05 23:23:35,666 INFO No transaction rows parsed for block 73 (bs_id=)
2026-01-05 23:23:35,672 INFO No transaction rows parsed for block 75 (bs_id=)
2026-01-05 23:23:35,679 INFO No transaction rows parsed for block 77 (bs_id=)
2026-01-05 23:23:35,683 INFO No transaction rows parsed for block 78 (bs_id=010601)
2026-01-05 23:23:35,686 INFO No transaction rows parsed for block 79 (bs_id=)
2026-01-05 23:23:35,748 INFO Wrote combined parsed CSV: E:\Automation - Copy\Card_recon\MC_\mc_reports\mc_settl_parsed\mc_settl_parsed_combined.csv
2026-01-05 23:23:35,758 INFO Wrote BUSINESS SERVICE ID SUBTOTAL file
2026-01-05 23:23:36,234 INFO ===== Conversion started =====
2026-01-05 23:23:36,277 INFO Converted: E:\\Automation - Copy\\Card_recon\\original reports\TT140T0.2025-02-20-17-52-00.001 -> E:\\Automation - Copy\\Card_recon\\original reports\TT140T0.2025-02-20-17-52-00.txt
2026-01-05 23:23:36,462 INFO Converted: E:\\Automation - Copy\\Card_recon\\original reports\TT140T0.2025-02-20-17-52-08.001 -> E:\\Automation - Copy\\Card_recon\\original reports\TT140T0.2025-02-20-17-52-08.txt
2026-01-05 23:23:36,528 INFO Converted: E:\\Automation - Copy\\Card_recon\\original reports\TT140T0.2025-02-20-17-52-11.001 -> E:\\Automation - Copy\\Card_recon\\original reports\TT140T0.2025-02-20-17-52-11.txt
2026-01-05 23:23:36,582 INFO Converted: E:\\Automation - Copy\\Card_recon\\original reports\TT140T0.2025-02-20-17-58-43.001 -> E:\\Automation - Copy\\Card_recon\\original reports\TT140T0.2025-02-20-17-58-43.txt
2026-01-05 23:23:36,699 INFO Converted: E:\\Automation - Copy\\Card_recon\\original reports\TT461T0.2025-02-20-20-07-20.001 -> E:\\Automation - Copy\\Card_recon\\original reports\TT461T0.2025-02-20-20-07-20.txt
2026-01-05 23:23:36,705 INFO ===== Conversion finished =====
2026-01-06 10:29:48,743 INFO ===== Conversion started =====
2026-01-06 10:29:48,810 INFO Converted: E:\\Automation - Copy\\Card_recon\\original reports\TT140T0.2025-02-20-17-52-00.001 -> E:\\Automation - Copy\\Card_recon\\original reports\TT140T0.2025-02-20-17-52-00.txt
2026-01-06 10:29:48,927 INFO Converted: E:\\Automation - Copy\\Card_recon\\original reports\TT140T0.2025-02-20-17-52-08.001 -> E:\\Automation - Copy\\Card_recon\\original reports\TT140T0.2025-02-20-17-52-08.txt
2026-01-06 10:29:48,991 INFO Converted: E:\\Automation - Copy\\Card_recon\\original reports\TT140T0.2025-02-20-17-52-11.001 -> E:\\Automation - Copy\\Card_recon\\original reports\TT140T0.2025-02-20-17-52-11.txt
2026-01-06 10:29:49,054 INFO Converted: E:\\Automation - Copy\\Card_recon\\original reports\TT140T0.2025-02-20-17-58-43.001 -> E:\\Automation - Copy\\Card_recon\\original reports\TT140T0.2025-02-20-17-58-43.txt
2026-01-06 10:29:49,560 INFO Converted: E:\\Automation - Copy\\Card_recon\\original reports\TT461T0.2025-02-20-20-07-20.001 -> E:\\Automation - Copy\\Card_recon\\original reports\TT461T0.2025-02-20-20-07-20.txt
2026-01-06 10:29:49,563 INFO ===== Conversion finished =====
2026-01-06 10:29:49,615 INFO Configured paths: LOE_PATH=E:\Automation - Copy\Card_recon\original reports\LOE20250219.xlsx OUTGOING_PATH=E:\Automation - Copy\Card_recon\original reports\All Outgoing Transaction Details TWI_2025_02_20_080441.xlsx LOG_FILE=conversion.log OUTPUT_DIR=E:\Automation - Copy\Card_recon\MC_\mc_reports
2026-01-06 10:29:49,696 INFO Running settlement-only read to verify parsing of MC_SETT_PATH (no LOE/Outgoing re-read)
2026-01-06 10:29:49,734 INFO Read MC settlement as TSV: E:\Automation - Copy\Card_recon\original reports\output.txt (shape=(1201, 1))
2026-01-06 10:29:50,063 INFO Extracting headers and transactions from MC settlement
2026-01-06 10:29:50,095 INFO No transaction rows parsed for block 1 (bs_id=)
2026-01-06 10:29:50,222 INFO No transaction rows parsed for block 3 (bs_id=)
2026-01-06 10:29:50,231 INFO No transaction rows parsed for block 5 (bs_id=)
2026-01-06 10:29:50,242 INFO No transaction rows parsed for block 7 (bs_id=)
2026-01-06 10:29:50,251 INFO No transaction rows parsed for block 9 (bs_id=)
2026-01-06 10:29:50,261 INFO No transaction rows parsed for block 11 (bs_id=)
2026-01-06 10:29:50,326 INFO No transaction rows parsed for block 13 (bs_id=)
2026-01-06 10:29:50,335 INFO No transaction rows parsed for block 15 (bs_id=)
2026-01-06 10:29:50,345 INFO No transaction rows parsed for block 17 (bs_id=)
2026-01-06 10:29:50,351 INFO No transaction rows parsed for block 19 (bs_id=)
2026-01-06 10:29:50,361 INFO No transaction rows parsed for block 21 (bs_id=)
2026-01-06 10:29:50,367 INFO No transaction rows parsed for block 23 (bs_id=)
2026-01-06 10:29:50,427 INFO No transaction rows parsed for block 25 (bs_id=)
2026-01-06 10:29:50,434 INFO No transaction rows parsed for block 27 (bs_id=)
2026-01-06 10:29:50,443 INFO No transaction rows parsed for block 29 (bs_id=)
2026-01-06 10:29:50,451 INFO No transaction rows parsed for block 31 (bs_id=)
2026-01-06 10:29:50,458 INFO No transaction rows parsed for block 33 (bs_id=)
2026-01-06 10:29:50,479 INFO No transaction rows parsed for block 35 (bs_id=)
2026-01-06 10:29:50,490 INFO No transaction rows parsed for block 37 (bs_id=)
2026-01-06 10:29:50,496 INFO No transaction rows parsed for block 39 (bs_id=)
2026-01-06 10:29:50,504 INFO No transaction rows parsed for block 41 (bs_id=)
2026-01-06 10:29:50,513 INFO No transaction rows parsed for block 43 (bs_id=)
2026-01-06 10:29:50,521 INFO No transaction rows parsed for block 45 (bs_id=)
2026-01-06 10:29:50,532 INFO No transaction rows parsed for block 47 (bs_id=)
2026-01-06 10:29:50,540 INFO No transaction rows parsed for block 49 (bs_id=)
2026-01-06 10:29:50,548 INFO No transaction rows parsed for block 51 (bs_id=)
2026-01-06 10:29:50,553 INFO No transaction rows parsed for block 53 (bs_id=)
2026-01-06 10:29:50,558 INFO No transaction rows parsed for block 55 (bs_id=)
2026-01-06 10:29:50,573 INFO No transaction rows parsed for block 57 (bs_id=)
2026-01-06 10:29:50,598 INFO No transaction rows parsed for block 59 (bs_id=)
2026-01-06 10:29:50,666 INFO No transaction rows parsed for block 61 (bs_id=)
2026-01-06 10:29:50,678 INFO No transaction rows parsed for block 63 (bs_id=)
2026-01-06 10:29:50,684 INFO No transaction rows parsed for block 65 (bs_id=)
2026-01-06 10:29:50,693 INFO No transaction rows parsed for block 67 (bs_id=)
2026-01-06 10:29:50,701 INFO No transaction rows parsed for block 69 (bs_id=)
2026-01-06 10:29:50,709 INFO No transaction rows parsed for block 71 (bs_id=)
2026-01-06 10:29:50,802 INFO No transaction rows parsed for block 73 (bs_id=)
2026-01-06 10:29:50,821 INFO No transaction rows parsed for block 75 (bs_id=)
2026-01-06 10:29:50,830 INFO No transaction rows parsed for block 77 (bs_id=)
2026-01-06 10:29:50,834 INFO No transaction rows parsed for block 78 (bs_id=010601)
2026-01-06 10:29:50,840 INFO No transaction rows parsed for block 79 (bs_id=)
2026-01-06 10:29:50,902 INFO Wrote combined parsed CSV: E:\Automation - Copy\Card_recon\MC_\mc_reports\mc_settl_parsed\mc_settl_parsed_combined.csv
2026-01-06 10:29:50,914 INFO Wrote BUSINESS SERVICE ID SUBTOTAL file
2026-01-06 10:31:25,792 INFO ===== Conversion started =====
2026-01-06 10:31:25,851 INFO Converted: E:\\Automation - Copy\\Card_recon\\original reports\TT140T0.2025-02-20-17-52-00.001 -> E:\\Automation - Copy\\Card_recon\\original reports\TT140T0.2025-02-20-17-52-00.txt
2026-01-06 10:31:25,941 INFO Converted: E:\\Automation - Copy\\Card_recon\\original reports\TT140T0.2025-02-20-17-52-08.001 -> E:\\Automation - Copy\\Card_recon\\original reports\TT140T0.2025-02-20-17-52-08.txt
2026-01-06 10:31:25,995 INFO Converted: E:\\Automation - Copy\\Card_recon\\original reports\TT140T0.2025-02-20-17-52-11.001 -> E:\\Automation - Copy\\Card_recon\\original reports\TT140T0.2025-02-20-17-52-11.txt
2026-01-06 10:31:26,034 INFO Converted: E:\\Automation - Copy\\Card_recon\\original reports\TT140T0.2025-02-20-17-58-43.001 -> E:\\Automation - Copy\\Card_recon\\original reports\TT140T0.2025-02-20-17-58-43.txt
2026-01-06 10:31:26,242 INFO Converted: E:\\Automation - Copy\\Card_recon\\original reports\TT461T0.2025-02-20-20-07-20.001 -> E:\\Automation - Copy\\Card_recon\\original reports\TT461T0.2025-02-20-20-07-20.txt
2026-01-06 10:31:26,246 INFO ===== Conversion finished =====
2026-01-06 10:31:26,305 INFO Configured paths: LOE_PATH=E:\Automation - Copy\Card_recon\original reports\LOE20250219.xlsx OUTGOING_PATH=E:\Automation - Copy\Card_recon\original reports\All Outgoing Transaction Details TWI_2025_02_20_080441.xlsx LOG_FILE=conversion.log OUTPUT_DIR=E:\Automation - Copy\Card_recon\MC_\mc_reports
2026-01-06 10:31:26,379 INFO Running settlement-only read to verify parsing of MC_SETT_PATH (no LOE/Outgoing re-read)
2026-01-06 10:31:26,417 INFO Read MC settlement as TSV: E:\Automation - Copy\Card_recon\original reports\output.txt (shape=(1201, 1))
2026-01-06 10:31:26,676 INFO Extracting headers and transactions from MC settlement
2026-01-06 10:31:26,707 INFO No transaction rows parsed for block 1 (bs_id=)
2026-01-06 10:31:26,743 INFO No transaction rows parsed for block 3 (bs_id=)
2026-01-06 10:31:26,752 INFO No transaction rows parsed for block 5 (bs_id=)
2026-01-06 10:31:26,767 INFO No transaction rows parsed for block 7 (bs_id=)
2026-01-06 10:31:26,777 INFO No transaction rows parsed for block 9 (bs_id=)
2026-01-06 10:31:26,788 INFO No transaction rows parsed for block 11 (bs_id=)
2026-01-06 10:31:26,826 INFO No transaction rows parsed for block 13 (bs_id=)
2026-01-06 10:31:26,836 INFO No transaction rows parsed for block 15 (bs_id=)
2026-01-06 10:31:26,846 INFO No transaction rows parsed for block 17 (bs_id=)
2026-01-06 10:31:26,855 INFO No transaction rows parsed for block 19 (bs_id=)
2026-01-06 10:31:26,908 INFO No transaction rows parsed for block 21 (bs_id=)
2026-01-06 10:31:26,915 INFO No transaction rows parsed for block 23 (bs_id=)
2026-01-06 10:31:26,923 INFO No transaction rows parsed for block 25 (bs_id=)
2026-01-06 10:31:26,935 INFO No transaction rows parsed for block 27 (bs_id=)
2026-01-06 10:31:26,944 INFO No transaction rows parsed for block 29 (bs_id=)
2026-01-06 10:31:26,993 INFO No transaction rows parsed for block 31 (bs_id=)
2026-01-06 10:31:27,003 INFO No transaction rows parsed for block 33 (bs_id=)
2026-01-06 10:31:27,014 INFO No transaction rows parsed for block 35 (bs_id=)
2026-01-06 10:31:27,024 INFO No transaction rows parsed for block 37 (bs_id=)
2026-01-06 10:31:27,036 INFO No transaction rows parsed for block 39 (bs_id=)
2026-01-06 10:31:27,064 INFO No transaction rows parsed for block 41 (bs_id=)
2026-01-06 10:31:27,074 INFO No transaction rows parsed for block 43 (bs_id=)
2026-01-06 10:31:27,083 INFO No transaction rows parsed for block 45 (bs_id=)
2026-01-06 10:31:27,091 INFO No transaction rows parsed for block 47 (bs_id=)
2026-01-06 10:31:27,103 INFO No transaction rows parsed for block 49 (bs_id=)
2026-01-06 10:31:27,150 INFO No transaction rows parsed for block 51 (bs_id=)
2026-01-06 10:31:27,159 INFO No transaction rows parsed for block 53 (bs_id=)
2026-01-06 10:31:27,166 INFO No transaction rows parsed for block 55 (bs_id=)
2026-01-06 10:31:27,174 INFO No transaction rows parsed for block 57 (bs_id=)
2026-01-06 10:31:27,183 INFO No transaction rows parsed for block 59 (bs_id=)
2026-01-06 10:31:27,190 INFO No transaction rows parsed for block 61 (bs_id=)
2026-01-06 10:31:27,238 INFO No transaction rows parsed for block 63 (bs_id=)
2026-01-06 10:31:27,247 INFO No transaction rows parsed for block 65 (bs_id=)
2026-01-06 10:31:27,254 INFO No transaction rows parsed for block 67 (bs_id=)
2026-01-06 10:31:27,263 INFO No transaction rows parsed for block 69 (bs_id=)
2026-01-06 10:31:27,270 INFO No transaction rows parsed for block 71 (bs_id=)
2026-01-06 10:31:27,339 INFO No transaction rows parsed for block 73 (bs_id=)
2026-01-06 10:31:27,354 INFO No transaction rows parsed for block 75 (bs_id=)
2026-01-06 10:31:27,362 INFO No transaction rows parsed for block 77 (bs_id=)
2026-01-06 10:31:27,368 INFO No transaction rows parsed for block 78 (bs_id=010601)
2026-01-06 10:31:27,371 INFO No transaction rows parsed for block 79 (bs_id=)
2026-01-06 10:31:27,555 INFO Wrote combined parsed CSV: E:\Automation - Copy\Card_recon\MC_\mc_reports\mc_settl_parsed\mc_settl_parsed_combined.csv
2026-01-06 10:31:27,566 INFO Wrote BUSINESS SERVICE ID SUBTOTAL file
2026-01-06 10:31:50,486 INFO ===== Conversion started =====
2026-01-06 10:31:50,523 INFO Converted: E:\\Automation - Copy\\Card_recon\\original reports\TT140T0.2025-02-20-17-52-00.001 -> E:\\Automation - Copy\\Card_recon\\original reports\TT140T0.2025-02-20-17-52-00.txt
2026-01-06 10:31:50,587 INFO Converted: E:\\Automation - Copy\\Card_recon\\original reports\TT140T0.2025-02-20-17-52-08.001 -> E:\\Automation - Copy\\Card_recon\\original reports\TT140T0.2025-02-20-17-52-08.txt
2026-01-06 10:31:50,613 INFO Converted: E:\\Automation - Copy\\Card_recon\\original reports\TT140T0.2025-02-20-17-52-11.001 -> E:\\Automation - Copy\\Card_recon\\original reports\TT140T0.2025-02-20-17-52-11.txt
2026-01-06 10:31:50,627 INFO Converted: E:\\Automation - Copy\\Card_recon\\original reports\TT140T0.2025-02-20-17-58-43.001 -> E:\\Automation - Copy\\Card_recon\\original reports\TT140T0.2025-02-20-17-58-43.txt
2026-01-06 10:31:50,810 INFO Converted: E:\\Automation - Copy\\Card_recon\\original reports\TT461T0.2025-02-20-20-07-20.001 -> E:\\Automation - Copy\\Card_recon\\original reports\TT461T0.2025-02-20-20-07-20.txt
2026-01-06 10:31:50,815 INFO ===== Conversion finished =====
2026-01-06 10:31:50,868 INFO Configured paths: LOE_PATH=E:\Automation - Copy\Card_recon\original reports\LOE20250219.xlsx OUTGOING_PATH=E:\Automation - Copy\Card_recon\original reports\All Outgoing Transaction Details TWI_2025_02_20_080441.xlsx LOG_FILE=conversion.log OUTPUT_DIR=E:\Automation - Copy\Card_recon\MC_\mc_reports
2026-01-06 10:31:50,899 INFO Running settlement-only read to verify parsing of MC_SETT_PATH (no LOE/Outgoing re-read)
2026-01-06 10:31:50,930 INFO Read MC settlement as TSV: E:\Automation - Copy\Card_recon\original reports\output.txt (shape=(1201, 1))
2026-01-06 10:31:51,129 INFO Extracting headers and transactions from MC settlement
2026-01-06 10:31:51,152 INFO No transaction rows parsed for block 1 (bs_id=)
2026-01-06 10:31:51,159 INFO No transaction rows parsed for block 3 (bs_id=)
2026-01-06 10:31:51,164 INFO No transaction rows parsed for block 5 (bs_id=)
2026-01-06 10:31:51,172 INFO No transaction rows parsed for block 7 (bs_id=)
2026-01-06 10:31:51,179 INFO No transaction rows parsed for block 9 (bs_id=)
2026-01-06 10:31:51,224 INFO No transaction rows parsed for block 11 (bs_id=)
2026-01-06 10:31:51,235 INFO No transaction rows parsed for block 13 (bs_id=)
2026-01-06 10:31:51,241 INFO No transaction rows parsed for block 15 (bs_id=)
2026-01-06 10:31:51,249 INFO No transaction rows parsed for block 17 (bs_id=)
2026-01-06 10:31:51,262 INFO No transaction rows parsed for block 19 (bs_id=)
2026-01-06 10:31:51,270 INFO No transaction rows parsed for block 21 (bs_id=)
2026-01-06 10:31:51,290 INFO No transaction rows parsed for block 23 (bs_id=)
2026-01-06 10:31:51,300 INFO No transaction rows parsed for block 25 (bs_id=)
2026-01-06 10:31:51,306 INFO No transaction rows parsed for block 27 (bs_id=)
2026-01-06 10:31:51,313 INFO No transaction rows parsed for block 29 (bs_id=)
2026-01-06 10:31:51,322 INFO No transaction rows parsed for block 31 (bs_id=)
2026-01-06 10:31:51,328 INFO No transaction rows parsed for block 33 (bs_id=)
2026-01-06 10:31:51,335 INFO No transaction rows parsed for block 35 (bs_id=)
2026-01-06 10:31:51,412 INFO No transaction rows parsed for block 37 (bs_id=)
2026-01-06 10:31:51,427 INFO No transaction rows parsed for block 39 (bs_id=)
2026-01-06 10:31:51,433 INFO No transaction rows parsed for block 41 (bs_id=)
2026-01-06 10:31:51,441 INFO No transaction rows parsed for block 43 (bs_id=)
2026-01-06 10:31:51,448 INFO No transaction rows parsed for block 45 (bs_id=)
2026-01-06 10:31:51,455 INFO No transaction rows parsed for block 47 (bs_id=)
2026-01-06 10:31:51,467 INFO No transaction rows parsed for block 49 (bs_id=)
2026-01-06 10:31:51,487 INFO No transaction rows parsed for block 51 (bs_id=)
2026-01-06 10:31:51,493 INFO No transaction rows parsed for block 53 (bs_id=)
2026-01-06 10:31:51,498 INFO No transaction rows parsed for block 55 (bs_id=)
2026-01-06 10:31:51,506 INFO No transaction rows parsed for block 57 (bs_id=)
2026-01-06 10:31:51,512 INFO No transaction rows parsed for block 59 (bs_id=)
2026-01-06 10:31:51,520 INFO No transaction rows parsed for block 61 (bs_id=)
2026-01-06 10:31:51,531 INFO No transaction rows parsed for block 63 (bs_id=)
2026-01-06 10:31:51,538 INFO No transaction rows parsed for block 65 (bs_id=)
2026-01-06 10:31:51,545 INFO No transaction rows parsed for block 67 (bs_id=)
2026-01-06 10:31:51,552 INFO No transaction rows parsed for block 69 (bs_id=)
2026-01-06 10:31:51,557 INFO No transaction rows parsed for block 71 (bs_id=)
2026-01-06 10:31:51,565 INFO No transaction rows parsed for block 73 (bs_id=)
2026-01-06 10:31:51,572 INFO No transaction rows parsed for block 75 (bs_id=)
2026-01-06 10:31:51,577 INFO No transaction rows parsed for block 77 (bs_id=)
2026-01-06 10:31:51,590 INFO No transaction rows parsed for block 78 (bs_id=010601)
2026-01-06 10:31:51,607 INFO No transaction rows parsed for block 79 (bs_id=)
2026-01-06 10:31:51,772 INFO Wrote combined parsed CSV: E:\Automation - Copy\Card_recon\MC_\mc_reports\mc_settl_parsed\mc_settl_parsed_combined.csv
2026-01-06 10:31:51,786 INFO Wrote BUSINESS SERVICE ID SUBTOTAL file
2026-01-06 10:38:48,867 INFO ===== Conversion started =====
2026-01-06 10:38:48,906 INFO Converted: E:\\Automation - Copy\\Card_recon\\original reports\TT140T0.2025-02-20-17-52-00.001 -> E:\\Automation - Copy\\Card_recon\\original reports\TT140T0.2025-02-20-17-52-00.txt
2026-01-06 10:38:48,979 INFO Converted: E:\\Automation - Copy\\Card_recon\\original reports\TT140T0.2025-02-20-17-52-08.001 -> E:\\Automation - Copy\\Card_recon\\original reports\TT140T0.2025-02-20-17-52-08.txt
2026-01-06 10:38:48,999 INFO Converted: E:\\Automation - Copy\\Card_recon\\original reports\TT140T0.2025-02-20-17-52-11.001 -> E:\\Automation - Copy\\Card_recon\\original reports\TT140T0.2025-02-20-17-52-11.txt
2026-01-06 10:38:49,048 INFO Converted: E:\\Automation - Copy\\Card_recon\\original reports\TT140T0.2025-02-20-17-58-43.001 -> E:\\Automation - Copy\\Card_recon\\original reports\TT140T0.2025-02-20-17-58-43.txt
2026-01-06 10:38:49,137 INFO Converted: E:\\Automation - Copy\\Card_recon\\original reports\TT461T0.2025-02-20-20-07-20.001 -> E:\\Automation - Copy\\Card_recon\\original reports\TT461T0.2025-02-20-20-07-20.txt
2026-01-06 10:38:49,143 INFO ===== Conversion finished =====
2026-01-06 10:38:49,260 INFO Configured paths: LOE_PATH=E:\Automation - Copy\Card_recon\original reports\LOE20250219.xlsx OUTGOING_PATH=E:\Automation - Copy\Card_recon\original reports\All Outgoing Transaction Details TWI_2025_02_20_080441.xlsx LOG_FILE=conversion.log OUTPUT_DIR=E:\Automation - Copy\Card_recon\MC_\mc_reports
2026-01-06 10:38:49,376 INFO Running settlement-only read to verify parsing of MC_SETT_PATH (no LOE/Outgoing re-read)
2026-01-06 10:38:49,401 INFO Read MC settlement as TSV: E:\Automation - Copy\Card_recon\original reports\output.txt (shape=(1201, 1))
2026-01-06 10:38:49,596 INFO Extracting headers and transactions from MC settlement
2026-01-06 10:38:49,620 INFO No transaction rows parsed for block 1 (bs_id=)
2026-01-06 10:38:49,630 INFO No transaction rows parsed for block 3 (bs_id=)
2026-01-06 10:38:49,635 INFO No transaction rows parsed for block 5 (bs_id=)
2026-01-06 10:38:49,641 INFO No transaction rows parsed for block 7 (bs_id=)
2026-01-06 10:38:49,650 INFO No transaction rows parsed for block 9 (bs_id=)
2026-01-06 10:38:49,674 INFO No transaction rows parsed for block 11 (bs_id=)
2026-01-06 10:38:49,681 INFO No transaction rows parsed for block 13 (bs_id=)
2026-01-06 10:38:49,689 INFO No transaction rows parsed for block 15 (bs_id=)
2026-01-06 10:38:49,698 INFO No transaction rows parsed for block 17 (bs_id=)
2026-01-06 10:38:49,703 INFO No transaction rows parsed for block 19 (bs_id=)
2026-01-06 10:38:49,714 INFO No transaction rows parsed for block 21 (bs_id=)
2026-01-06 10:38:49,761 INFO No transaction rows parsed for block 23 (bs_id=)
2026-01-06 10:38:49,768 INFO No transaction rows parsed for block 25 (bs_id=)
2026-01-06 10:38:49,775 INFO No transaction rows parsed for block 27 (bs_id=)
2026-01-06 10:38:49,782 INFO No transaction rows parsed for block 29 (bs_id=)
2026-01-06 10:38:49,792 INFO No transaction rows parsed for block 31 (bs_id=)
2026-01-06 10:38:49,797 INFO No transaction rows parsed for block 33 (bs_id=)
2026-01-06 10:38:49,804 INFO No transaction rows parsed for block 35 (bs_id=)
2026-01-06 10:38:49,859 INFO No transaction rows parsed for block 37 (bs_id=)
2026-01-06 10:38:49,865 INFO No transaction rows parsed for block 39 (bs_id=)
2026-01-06 10:38:49,872 INFO No transaction rows parsed for block 41 (bs_id=)
2026-01-06 10:38:49,879 INFO No transaction rows parsed for block 43 (bs_id=)
2026-01-06 10:38:49,884 INFO No transaction rows parsed for block 45 (bs_id=)
2026-01-06 10:38:49,890 INFO No transaction rows parsed for block 47 (bs_id=)
2026-01-06 10:38:49,898 INFO No transaction rows parsed for block 49 (bs_id=)
2026-01-06 10:38:49,924 INFO No transaction rows parsed for block 51 (bs_id=)
2026-01-06 10:38:49,931 INFO No transaction rows parsed for block 53 (bs_id=)
2026-01-06 10:38:49,939 INFO No transaction rows parsed for block 55 (bs_id=)
2026-01-06 10:38:49,945 INFO No transaction rows parsed for block 57 (bs_id=)
2026-01-06 10:38:49,951 INFO No transaction rows parsed for block 59 (bs_id=)
2026-01-06 10:38:49,957 INFO No transaction rows parsed for block 61 (bs_id=)
2026-01-06 10:38:49,964 INFO No transaction rows parsed for block 63 (bs_id=)
2026-01-06 10:38:49,970 INFO No transaction rows parsed for block 65 (bs_id=)
2026-01-06 10:38:49,991 INFO No transaction rows parsed for block 67 (bs_id=)
2026-01-06 10:38:50,001 INFO No transaction rows parsed for block 69 (bs_id=)
2026-01-06 10:38:50,011 INFO No transaction rows parsed for block 71 (bs_id=)
2026-01-06 10:38:50,022 INFO No transaction rows parsed for block 73 (bs_id=)
2026-01-06 10:38:50,028 INFO No transaction rows parsed for block 75 (bs_id=)
2026-01-06 10:38:50,035 INFO No transaction rows parsed for block 77 (bs_id=)
2026-01-06 10:38:50,039 INFO No transaction rows parsed for block 78 (bs_id=010601)
2026-01-06 10:38:50,042 INFO No transaction rows parsed for block 79 (bs_id=)
2026-01-06 10:38:50,168 INFO Wrote combined parsed CSV: E:\Automation - Copy\Card_recon\MC_\mc_reports\mc_settl_parsed\mc_settl_parsed_combined.csv
2026-01-06 10:38:50,177 INFO Wrote BUSINESS SERVICE ID SUBTOTAL file
